SF:/home/noah/src/ruchy/src/backend/compiler.rs
FN:75,_RNCNvNtNtCs2RUqfoJCtLU_5ruchy7backend8compiler17compile_to_binary0B7_
FN:72,_RNvNtNtCs2RUqfoJCtLU_5ruchy7backend8compiler17compile_to_binary
FN:255,_RNvNtNtCs2RUqfoJCtLU_5ruchy7backend8compiler17get_rustc_version
FN:139,_RNvNtNtCs2RUqfoJCtLU_5ruchy7backend8compiler17prepare_rust_file
FN:157,_RNvNtNtCs2RUqfoJCtLU_5ruchy7backend8compiler19build_rustc_command
FN:192,_RNvNtNtCs2RUqfoJCtLU_5ruchy7backend8compiler19execute_compilation
FN:123,_RNvNtNtCs2RUqfoJCtLU_5ruchy7backend8compiler19parse_and_transpile
FN:173,_RNvNtNtCs2RUqfoJCtLU_5ruchy7backend8compiler20apply_optional_flags
FN:205,_RNvNtNtCs2RUqfoJCtLU_5ruchy7backend8compiler20verify_output_exists
FN:227,_RNvNtNtCs2RUqfoJCtLU_5ruchy7backend8compiler21check_rustc_available
FN:105,_RNvNtNtCs2RUqfoJCtLU_5ruchy7backend8compiler24compile_source_to_binary
FN:33,_RNvXNtNtCs2RUqfoJCtLU_5ruchy7backend8compilerNtB2_14CompileOptionsNtNtCs66KPHxksi63_4core7default7Default7default
FNDA:0,_RNCNvNtNtCs2RUqfoJCtLU_5ruchy7backend8compiler17compile_to_binary0B7_
FNDA:0,_RNvNtNtCs2RUqfoJCtLU_5ruchy7backend8compiler17compile_to_binary
FNDA:0,_RNvNtNtCs2RUqfoJCtLU_5ruchy7backend8compiler17get_rustc_version
FNDA:0,_RNvNtNtCs2RUqfoJCtLU_5ruchy7backend8compiler17prepare_rust_file
FNDA:0,_RNvNtNtCs2RUqfoJCtLU_5ruchy7backend8compiler19build_rustc_command
FNDA:0,_RNvNtNtCs2RUqfoJCtLU_5ruchy7backend8compiler19execute_compilation
FNDA:0,_RNvNtNtCs2RUqfoJCtLU_5ruchy7backend8compiler19parse_and_transpile
FNDA:0,_RNvNtNtCs2RUqfoJCtLU_5ruchy7backend8compiler20apply_optional_flags
FNDA:0,_RNvNtNtCs2RUqfoJCtLU_5ruchy7backend8compiler20verify_output_exists
FNDA:0,_RNvNtNtCs2RUqfoJCtLU_5ruchy7backend8compiler21check_rustc_available
FNDA:0,_RNvNtNtCs2RUqfoJCtLU_5ruchy7backend8compiler24compile_source_to_binary
FNDA:0,_RNvXNtNtCs2RUqfoJCtLU_5ruchy7backend8compilerNtB2_14CompileOptionsNtNtCs66KPHxksi63_4core7default7Default7default
FNF:12
FNH:0
DA:33,0
DA:34,0
DA:35,0
DA:36,0
DA:37,0
DA:38,0
DA:39,0
DA:40,0
DA:41,0
DA:42,0
DA:72,0
DA:74,0
DA:75,0
DA:77,0
DA:78,0
DA:105,0
DA:107,0
DA:110,0
DA:113,0
DA:114,0
DA:117,0
DA:119,0
DA:120,0
DA:123,0
DA:124,0
DA:126,0
DA:127,0
DA:128,0
DA:130,0
DA:131,0
DA:132,0
DA:134,0
DA:135,0
DA:136,0
DA:139,0
DA:140,0
DA:141,0
DA:143,0
DA:144,0
DA:147,0
DA:148,0
DA:150,0
DA:151,0
DA:153,0
DA:154,0
DA:157,0
DA:158,0
DA:159,0
DA:160,0
DA:161,0
DA:164,0
DA:167,0
DA:169,0
DA:170,0
DA:173,0
DA:174,0
DA:175,0
DA:176,0
DA:178,0
DA:179,0
DA:180,0
DA:182,0
DA:183,0
DA:184,0
DA:186,0
DA:187,0
DA:188,0
DA:189,0
DA:192,0
DA:193,0
DA:194,0
DA:196,0
DA:197,0
DA:198,0
DA:199,0
DA:201,0
DA:202,0
DA:205,0
DA:206,0
DA:207,0
DA:208,0
DA:209,0
DA:210,0
DA:227,0
DA:228,0
DA:229,0
DA:230,0
DA:231,0
DA:233,0
DA:234,0
DA:235,0
DA:237,0
DA:238,0
DA:255,0
DA:256,0
DA:257,0
DA:258,0
DA:259,0
DA:261,0
DA:262,0
DA:263,0
DA:265,0
DA:266,0
BRF:0
BRH:0
LF:104
LH:0
end_of_record
SF:/home/noah/src/ruchy/src/backend/module_loader.rs
FN:200,_RNCNvMNtNtCs2RUqfoJCtLU_5ruchy7backend13module_loaderNtB4_12ModuleLoader19resolve_module_path0B8_
FN:124,_RNCNvMNtNtCs2RUqfoJCtLU_5ruchy7backend13module_loaderNtB4_12ModuleLoader11load_module0B8_
FN:139,_RNCNvMNtNtCs2RUqfoJCtLU_5ruchy7backend13module_loaderNtB4_12ModuleLoader11load_modules0_0B8_
FN:160,_RNCNvMNtNtCs2RUqfoJCtLU_5ruchy7backend13module_loaderNtB4_12ModuleLoader11load_modules1_0B8_
FN:128,_RNCNvMNtNtCs2RUqfoJCtLU_5ruchy7backend13module_loaderNtB4_12ModuleLoader11load_modules_0B8_
FN:304,_RNCNvMs0_NtNtCs2RUqfoJCtLU_5ruchy7backend13module_loaderNtB7_12ParsedModule4name0Bb_
FN:274,_RNvMNtNtCs2RUqfoJCtLU_5ruchy7backend13module_loaderNtB2_12ModuleLoader10is_loading
FN:266,_RNvMNtNtCs2RUqfoJCtLU_5ruchy7backend13module_loaderNtB2_12ModuleLoader11clear_cache
FN:106,_RNvMNtNtCs2RUqfoJCtLU_5ruchy7backend13module_loaderNtB2_12ModuleLoader11load_module
FN:208,_RNvMNtNtCs2RUqfoJCtLU_5ruchy7backend13module_loaderNtB2_12ModuleLoader14is_cache_valid
FN:180,_RNvMNtNtCs2RUqfoJCtLU_5ruchy7backend13module_loaderNtB2_12ModuleLoader19resolve_module_path
FN:224,_RNvMNtNtCs2RUqfoJCtLU_5ruchy7backend13module_loaderNtB2_12ModuleLoader20collect_dependencies
FN:217,_RNvMNtNtCs2RUqfoJCtLU_5ruchy7backend13module_loaderNtB2_12ModuleLoader20extract_dependencies
FN:59,_RNvMNtNtCs2RUqfoJCtLU_5ruchy7backend13module_loaderNtB2_12ModuleLoader3new
FN:253,_RNvMNtNtCs2RUqfoJCtLU_5ruchy7backend13module_loaderNtB2_12ModuleLoader5stats
FN:310,_RNvMs0_NtNtCs2RUqfoJCtLU_5ruchy7backend13module_loaderNtB5_12ParsedModule16has_dependencies
FN:301,_RNvMs0_NtNtCs2RUqfoJCtLU_5ruchy7backend13module_loaderNtB5_12ParsedModule4name
FN:331,_RNvMs1_NtNtCs2RUqfoJCtLU_5ruchy7backend13module_loaderNtB5_17ModuleLoaderStats15cache_hit_ratio
FN:280,_RNvXs_NtNtCs2RUqfoJCtLU_5ruchy7backend13module_loaderNtB4_12ModuleLoaderNtNtCs66KPHxksi63_4core7default7Default7default
FN:80,_RINvMNtNtCs2RUqfoJCtLU_5ruchy7backend13module_loaderNtB3_12ModuleLoader15add_search_pathRNtNtCsiKSG5X70Gj7_3std4path4PathEB7_
FNDA:0,_RNCNvMNtNtCs2RUqfoJCtLU_5ruchy7backend13module_loaderNtB4_12ModuleLoader19resolve_module_path0B8_
FNDA:0,_RNCNvMNtNtCs2RUqfoJCtLU_5ruchy7backend13module_loaderNtB4_12ModuleLoader11load_module0B8_
FNDA:0,_RNCNvMNtNtCs2RUqfoJCtLU_5ruchy7backend13module_loaderNtB4_12ModuleLoader11load_modules0_0B8_
FNDA:0,_RNCNvMNtNtCs2RUqfoJCtLU_5ruchy7backend13module_loaderNtB4_12ModuleLoader11load_modules1_0B8_
FNDA:0,_RNCNvMNtNtCs2RUqfoJCtLU_5ruchy7backend13module_loaderNtB4_12ModuleLoader11load_modules_0B8_
FNDA:0,_RNCNvMs0_NtNtCs2RUqfoJCtLU_5ruchy7backend13module_loaderNtB7_12ParsedModule4name0Bb_
FNDA:0,_RNvMNtNtCs2RUqfoJCtLU_5ruchy7backend13module_loaderNtB2_12ModuleLoader10is_loading
FNDA:0,_RNvMNtNtCs2RUqfoJCtLU_5ruchy7backend13module_loaderNtB2_12ModuleLoader11clear_cache
FNDA:0,_RNvMNtNtCs2RUqfoJCtLU_5ruchy7backend13module_loaderNtB2_12ModuleLoader11load_module
FNDA:0,_RNvMNtNtCs2RUqfoJCtLU_5ruchy7backend13module_loaderNtB2_12ModuleLoader14is_cache_valid
FNDA:0,_RNvMNtNtCs2RUqfoJCtLU_5ruchy7backend13module_loaderNtB2_12ModuleLoader19resolve_module_path
FNDA:0,_RNvMNtNtCs2RUqfoJCtLU_5ruchy7backend13module_loaderNtB2_12ModuleLoader20collect_dependencies
FNDA:0,_RNvMNtNtCs2RUqfoJCtLU_5ruchy7backend13module_loaderNtB2_12ModuleLoader20extract_dependencies
FNDA:0,_RNvMNtNtCs2RUqfoJCtLU_5ruchy7backend13module_loaderNtB2_12ModuleLoader3new
FNDA:0,_RNvMNtNtCs2RUqfoJCtLU_5ruchy7backend13module_loaderNtB2_12ModuleLoader5stats
FNDA:0,_RNvMs0_NtNtCs2RUqfoJCtLU_5ruchy7backend13module_loaderNtB5_12ParsedModule16has_dependencies
FNDA:0,_RNvMs0_NtNtCs2RUqfoJCtLU_5ruchy7backend13module_loaderNtB5_12ParsedModule4name
FNDA:0,_RNvMs1_NtNtCs2RUqfoJCtLU_5ruchy7backend13module_loaderNtB5_17ModuleLoaderStats15cache_hit_ratio
FNDA:0,_RNvXs_NtNtCs2RUqfoJCtLU_5ruchy7backend13module_loaderNtB4_12ModuleLoaderNtNtCs66KPHxksi63_4core7default7Default7default
FNDA:0,_RINvMNtNtCs2RUqfoJCtLU_5ruchy7backend13module_loaderNtB3_12ModuleLoader15add_search_pathRNtNtCsiKSG5X70Gj7_3std4path4PathEB7_
FNF:20
FNH:0
DA:59,0
DA:60,0
DA:61,0
DA:62,0
DA:63,0
DA:64,0
DA:65,0
DA:66,0
DA:67,0
DA:68,0
DA:69,0
DA:70,0
DA:71,0
DA:80,0
DA:81,0
DA:82,0
DA:106,0
DA:108,0
DA:109,0
DA:110,0
DA:111,0
DA:112,0
DA:115,0
DA:116,0
DA:117,0
DA:118,0
DA:119,0
DA:120,0
DA:123,0
DA:124,0
DA:127,0
DA:128,0
DA:129,0
DA:130,0
DA:131,0
DA:134,0
DA:137,0
DA:138,0
DA:139,0
DA:142,0
DA:145,0
DA:146,0
DA:147,0
DA:148,0
DA:149,0
DA:153,0
DA:154,0
DA:155,0
DA:156,0
DA:157,0
DA:158,0
DA:159,0
DA:160,0
DA:164,0
DA:167,0
DA:168,0
DA:169,0
DA:171,0
DA:172,0
DA:180,0
DA:181,0
DA:182,0
DA:183,0
DA:184,0
DA:185,0
DA:187,0
DA:188,0
DA:189,0
DA:190,0
DA:191,0
DA:192,0
DA:196,0
DA:197,0
DA:199,0
DA:200,0
DA:201,0
DA:202,0
DA:203,0
DA:205,0
DA:208,0
DA:209,0
DA:210,0
DA:211,0
DA:217,0
DA:218,0
DA:219,0
DA:220,0
DA:221,0
DA:224,0
DA:225,0
DA:226,0
DA:228,0
DA:229,0
DA:230,0
DA:232,0
DA:233,0
DA:234,0
DA:235,0
DA:237,0
DA:238,0
DA:239,0
DA:240,0
DA:241,0
DA:242,0
DA:244,0
DA:245,0
DA:246,0
DA:247,0
DA:249,0
DA:253,0
DA:254,0
DA:255,0
DA:256,0
DA:257,0
DA:258,0
DA:259,0
DA:260,0
DA:266,0
DA:267,0
DA:268,0
DA:269,0
DA:270,0
DA:274,0
DA:275,0
DA:276,0
DA:280,0
DA:281,0
DA:282,0
DA:301,0
DA:302,0
DA:303,0
DA:304,0
DA:305,0
DA:306,0
DA:310,0
DA:311,0
DA:312,0
DA:331,0
DA:332,0
DA:333,0
DA:335,0
DA:337,0
BRF:0
BRH:0
LF:149
LH:0
end_of_record
SF:/home/noah/src/ruchy/src/backend/module_resolver.rs
FN:142,_RNCNvMNtNtCs2RUqfoJCtLU_5ruchy7backend15module_resolverNtB4_14ModuleResolver12resolve_exprs0_0B8_
FN:99,_RNCNvMNtNtCs2RUqfoJCtLU_5ruchy7backend15module_resolverNtB4_14ModuleResolver12resolve_expr0B8_
FN:184,_RNCNvMNtNtCs2RUqfoJCtLU_5ruchy7backend15module_resolverNtB4_14ModuleResolver12resolve_exprs1_0B8_
FN:114,_RNCNvMNtNtCs2RUqfoJCtLU_5ruchy7backend15module_resolverNtB4_14ModuleResolver12resolve_exprs_0B8_
FN:230,_RNvMNtNtCs2RUqfoJCtLU_5ruchy7backend15module_resolverNtB2_14ModuleResolver11clear_cache
FN:92,_RNvMNtNtCs2RUqfoJCtLU_5ruchy7backend15module_resolverNtB2_14ModuleResolver12resolve_expr
FN:201,_RNvMNtNtCs2RUqfoJCtLU_5ruchy7backend15module_resolverNtB2_14ModuleResolver14is_file_import
FN:87,_RNvMNtNtCs2RUqfoJCtLU_5ruchy7backend15module_resolverNtB2_14ModuleResolver15resolve_imports
FN:209,_RNvMNtNtCs2RUqfoJCtLU_5ruchy7backend15module_resolverNtB2_14ModuleResolver21create_use_statements
FN:53,_RNvMNtNtCs2RUqfoJCtLU_5ruchy7backend15module_resolverNtB2_14ModuleResolver3new
FN:223,_RNvMNtNtCs2RUqfoJCtLU_5ruchy7backend15module_resolverNtB2_14ModuleResolver5stats
FN:236,_RNvXs_NtNtCs2RUqfoJCtLU_5ruchy7backend15module_resolverNtB4_14ModuleResolverNtNtCs66KPHxksi63_4core7default7Default7default
FN:64,_RINvMNtNtCs2RUqfoJCtLU_5ruchy7backend15module_resolverNtB3_14ModuleResolver15add_search_pathRNtNtCsiKSG5X70Gj7_3std4path4PathEB7_
FNDA:0,_RNCNvMNtNtCs2RUqfoJCtLU_5ruchy7backend15module_resolverNtB4_14ModuleResolver12resolve_exprs0_0B8_
FNDA:0,_RNCNvMNtNtCs2RUqfoJCtLU_5ruchy7backend15module_resolverNtB4_14ModuleResolver12resolve_expr0B8_
FNDA:0,_RNCNvMNtNtCs2RUqfoJCtLU_5ruchy7backend15module_resolverNtB4_14ModuleResolver12resolve_exprs1_0B8_
FNDA:0,_RNCNvMNtNtCs2RUqfoJCtLU_5ruchy7backend15module_resolverNtB4_14ModuleResolver12resolve_exprs_0B8_
FNDA:0,_RNvMNtNtCs2RUqfoJCtLU_5ruchy7backend15module_resolverNtB2_14ModuleResolver11clear_cache
FNDA:0,_RNvMNtNtCs2RUqfoJCtLU_5ruchy7backend15module_resolverNtB2_14ModuleResolver12resolve_expr
FNDA:0,_RNvMNtNtCs2RUqfoJCtLU_5ruchy7backend15module_resolverNtB2_14ModuleResolver14is_file_import
FNDA:0,_RNvMNtNtCs2RUqfoJCtLU_5ruchy7backend15module_resolverNtB2_14ModuleResolver15resolve_imports
FNDA:0,_RNvMNtNtCs2RUqfoJCtLU_5ruchy7backend15module_resolverNtB2_14ModuleResolver21create_use_statements
FNDA:0,_RNvMNtNtCs2RUqfoJCtLU_5ruchy7backend15module_resolverNtB2_14ModuleResolver3new
FNDA:0,_RNvMNtNtCs2RUqfoJCtLU_5ruchy7backend15module_resolverNtB2_14ModuleResolver5stats
FNDA:0,_RNvXs_NtNtCs2RUqfoJCtLU_5ruchy7backend15module_resolverNtB4_14ModuleResolverNtNtCs66KPHxksi63_4core7default7Default7default
FNDA:0,_RINvMNtNtCs2RUqfoJCtLU_5ruchy7backend15module_resolverNtB3_14ModuleResolver15add_search_pathRNtNtCsiKSG5X70Gj7_3std4path4PathEB7_
FNF:13
FNH:0
DA:53,0
DA:54,0
DA:55,0
DA:56,0
DA:57,0
DA:64,0
DA:65,0
DA:66,0
DA:87,0
DA:88,0
DA:89,0
DA:92,0
DA:93,0
DA:94,0
DA:96,0
DA:98,0
DA:99,0
DA:102,0
DA:105,0
DA:106,0
DA:107,0
DA:108,0
DA:109,0
DA:110,0
DA:114,0
DA:116,0
DA:117,0
DA:118,0
DA:119,0
DA:120,0
DA:121,0
DA:125,0
DA:129,0
DA:130,0
DA:131,0
DA:132,0
DA:135,0
DA:138,0
DA:140,0
DA:141,0
DA:142,0
DA:143,0
DA:144,0
DA:146,0
DA:148,0
DA:149,0
DA:150,0
DA:151,0
DA:152,0
DA:153,0
DA:154,0
DA:155,0
DA:158,0
DA:159,0
DA:160,0
DA:161,0
DA:162,0
DA:163,0
DA:164,0
DA:167,0
DA:168,0
DA:169,0
DA:170,0
DA:171,0
DA:172,0
DA:173,0
DA:174,0
DA:175,0
DA:176,0
DA:177,0
DA:178,0
DA:179,0
DA:181,0
DA:182,0
DA:183,0
DA:184,0
DA:185,0
DA:186,0
DA:187,0
DA:188,0
DA:189,0
DA:190,0
DA:191,0
DA:192,0
DA:196,0
DA:198,0
DA:201,0
DA:202,0
DA:203,0
DA:204,0
DA:205,0
DA:206,0
DA:209,0
DA:212,0
DA:213,0
DA:214,0
DA:215,0
DA:216,0
DA:217,0
DA:219,0
DA:223,0
DA:224,0
DA:225,0
DA:230,0
DA:231,0
DA:232,0
DA:236,0
DA:237,0
DA:238,0
BRF:0
BRH:0
LF:113
LH:0
end_of_record
SF:/home/noah/src/ruchy/src/backend/transpiler/actors.rs
FN:30,_RNCNCNvMNtNtNtCs2RUqfoJCtLU_5ruchy7backend10transpiler6actorsNtB8_10Transpiler15transpile_actor00Bc_
FN:59,_RNCNCNvMNtNtNtCs2RUqfoJCtLU_5ruchy7backend10transpiler6actorsNtB8_10Transpiler15transpile_actors_00Bc_
FN:26,_RNCNvMNtNtNtCs2RUqfoJCtLU_5ruchy7backend10transpiler6actorsNtB6_10Transpiler15transpile_actor0Ba_
FN:73,_RNCNvMNtNtNtCs2RUqfoJCtLU_5ruchy7backend10transpiler6actorsNtB6_10Transpiler15transpile_actors0_0Ba_
FN:57,_RNCNvMNtNtNtCs2RUqfoJCtLU_5ruchy7backend10transpiler6actorsNtB6_10Transpiler15transpile_actors_0Ba_
FN:181,_RNCNvMNtNtNtCs2RUqfoJCtLU_5ruchy7backend10transpiler6actorsNtB6_10Transpiler17transpile_command0Ba_
FN:150,_RNvMNtNtNtCs2RUqfoJCtLU_5ruchy7backend10transpiler6actorsNtB4_10Transpiler13transpile_ask
FN:140,_RNvMNtNtNtCs2RUqfoJCtLU_5ruchy7backend10transpiler6actorsNtB4_10Transpiler14transpile_send
FN:14,_RNvMNtNtNtCs2RUqfoJCtLU_5ruchy7backend10transpiler6actorsNtB4_10Transpiler15transpile_actor
FN:173,_RNvMNtNtNtCs2RUqfoJCtLU_5ruchy7backend10transpiler6actorsNtB4_10Transpiler17transpile_command
FNDA:0,_RNCNCNvMNtNtNtCs2RUqfoJCtLU_5ruchy7backend10transpiler6actorsNtB8_10Transpiler15transpile_actor00Bc_
FNDA:0,_RNCNCNvMNtNtNtCs2RUqfoJCtLU_5ruchy7backend10transpiler6actorsNtB8_10Transpiler15transpile_actors_00Bc_
FNDA:0,_RNCNvMNtNtNtCs2RUqfoJCtLU_5ruchy7backend10transpiler6actorsNtB6_10Transpiler15transpile_actor0Ba_
FNDA:0,_RNCNvMNtNtNtCs2RUqfoJCtLU_5ruchy7backend10transpiler6actorsNtB6_10Transpiler15transpile_actors0_0Ba_
FNDA:0,_RNCNvMNtNtNtCs2RUqfoJCtLU_5ruchy7backend10transpiler6actorsNtB6_10Transpiler15transpile_actors_0Ba_
FNDA:0,_RNCNvMNtNtNtCs2RUqfoJCtLU_5ruchy7backend10transpiler6actorsNtB6_10Transpiler17transpile_command0Ba_
FNDA:0,_RNvMNtNtNtCs2RUqfoJCtLU_5ruchy7backend10transpiler6actorsNtB4_10Transpiler13transpile_ask
FNDA:0,_RNvMNtNtNtCs2RUqfoJCtLU_5ruchy7backend10transpiler6actorsNtB4_10Transpiler14transpile_send
FNDA:0,_RNvMNtNtNtCs2RUqfoJCtLU_5ruchy7backend10transpiler6actorsNtB4_10Transpiler15transpile_actor
FNDA:0,_RNvMNtNtNtCs2RUqfoJCtLU_5ruchy7backend10transpiler6actorsNtB4_10Transpiler17transpile_command
FNF:10
FNH:0
DA:14,0
DA:15,0
DA:16,0
DA:17,0
DA:18,0
DA:19,0
DA:20,0
DA:21,0
DA:24,0
DA:25,0
DA:26,0
DA:27,0
DA:28,0
DA:29,0
DA:30,0
DA:31,0
DA:32,0
DA:33,0
DA:36,0
DA:37,0
DA:39,0
DA:40,0
DA:42,0
DA:44,0
DA:46,0
DA:47,0
DA:54,0
DA:55,0
DA:56,0
DA:57,0
DA:58,0
DA:59,0
DA:60,0
DA:61,0
DA:63,0
DA:64,0
DA:66,0
DA:70,0
DA:71,0
DA:72,0
DA:73,0
DA:74,0
DA:76,0
DA:78,0
DA:79,0
DA:80,0
DA:81,0
DA:82,0
DA:83,0
DA:84,0
DA:85,0
DA:86,0
DA:96,0
DA:137,0
DA:140,0
DA:141,0
DA:142,0
DA:144,0
DA:145,0
DA:146,0
DA:147,0
DA:150,0
DA:151,0
DA:152,0
DA:153,0
DA:154,0
DA:155,0
DA:156,0
DA:157,0
DA:159,0
DA:160,0
DA:161,0
DA:162,0
DA:163,0
DA:166,0
DA:167,0
DA:168,0
DA:170,0
DA:173,0
DA:174,0
DA:175,0
DA:176,0
DA:177,0
DA:178,0
DA:179,0
DA:180,0
DA:181,0
DA:183,0
DA:189,0
BRF:0
BRH:0
LF:95
LH:0
end_of_record
SF:/home/noah/src/ruchy/src/backend/transpiler/codegen_minimal.rs
FN:41,_RNCNvMNtNtNtCs2RUqfoJCtLU_5ruchy7backend10transpiler15codegen_minimalNtB4_14MinimalCodeGen8gen_expr0Ba_
FN:122,_RNCNvMNtNtNtCs2RUqfoJCtLU_5ruchy7backend10transpiler15codegen_minimalNtB4_14MinimalCodeGen8gen_exprs0_0Ba_
FN:114,_RNCNvMNtNtNtCs2RUqfoJCtLU_5ruchy7backend10transpiler15codegen_minimalNtB4_14MinimalCodeGen8gen_exprs_0Ba_
FN:272,_RNvMNtNtNtCs2RUqfoJCtLU_5ruchy7backend10transpiler15codegen_minimalNtB2_14MinimalCodeGen8gen_type
FN:197,_RNvMNtNtNtCs2RUqfoJCtLU_5ruchy7backend10transpiler15codegen_minimalNtB2_14MinimalCodeGen11gen_literal
FN:241,_RNvMNtNtNtCs2RUqfoJCtLU_5ruchy7backend10transpiler15codegen_minimalNtB2_14MinimalCodeGen11gen_pattern
FN:277,_RNvMNtNtNtCs2RUqfoJCtLU_5ruchy7backend10transpiler15codegen_minimalNtB2_14MinimalCodeGen11gen_program
FN:232,_RNvMNtNtNtCs2RUqfoJCtLU_5ruchy7backend10transpiler15codegen_minimalNtB2_14MinimalCodeGen12gen_unary_op
FN:208,_RNvMNtNtNtCs2RUqfoJCtLU_5ruchy7backend10transpiler15codegen_minimalNtB2_14MinimalCodeGen13gen_binary_op
FN:14,_RNvMNtNtNtCs2RUqfoJCtLU_5ruchy7backend10transpiler15codegen_minimalNtB2_14MinimalCodeGen8gen_expr
FNDA:0,_RNCNvMNtNtNtCs2RUqfoJCtLU_5ruchy7backend10transpiler15codegen_minimalNtB4_14MinimalCodeGen8gen_expr0Ba_
FNDA:0,_RNCNvMNtNtNtCs2RUqfoJCtLU_5ruchy7backend10transpiler15codegen_minimalNtB4_14MinimalCodeGen8gen_exprs0_0Ba_
FNDA:0,_RNCNvMNtNtNtCs2RUqfoJCtLU_5ruchy7backend10transpiler15codegen_minimalNtB4_14MinimalCodeGen8gen_exprs_0Ba_
FNDA:0,_RNvMNtNtNtCs2RUqfoJCtLU_5ruchy7backend10transpiler15codegen_minimalNtB2_14MinimalCodeGen8gen_type
FNDA:0,_RNvMNtNtNtCs2RUqfoJCtLU_5ruchy7backend10transpiler15codegen_minimalNtB2_14MinimalCodeGen11gen_literal
FNDA:0,_RNvMNtNtNtCs2RUqfoJCtLU_5ruchy7backend10transpiler15codegen_minimalNtB2_14MinimalCodeGen11gen_pattern
FNDA:0,_RNvMNtNtNtCs2RUqfoJCtLU_5ruchy7backend10transpiler15codegen_minimalNtB2_14MinimalCodeGen11gen_program
FNDA:0,_RNvMNtNtNtCs2RUqfoJCtLU_5ruchy7backend10transpiler15codegen_minimalNtB2_14MinimalCodeGen12gen_unary_op
FNDA:0,_RNvMNtNtNtCs2RUqfoJCtLU_5ruchy7backend10transpiler15codegen_minimalNtB2_14MinimalCodeGen13gen_binary_op
FNDA:0,_RNvMNtNtNtCs2RUqfoJCtLU_5ruchy7backend10transpiler15codegen_minimalNtB2_14MinimalCodeGen8gen_expr
FNF:10
FNH:0
DA:14,0
DA:15,0
DA:16,0
DA:18,0
DA:20,0
DA:21,0
DA:22,0
DA:23,0
DA:24,0
DA:27,0
DA:28,0
DA:29,0
DA:30,0
DA:33,0
DA:34,0
DA:35,0
DA:36,0
DA:39,0
DA:40,0
DA:41,0
DA:42,0
DA:43,0
DA:44,0
DA:45,0
DA:48,0
DA:49,0
DA:50,0
DA:51,0
DA:52,0
DA:53,0
DA:54,0
DA:57,0
DA:58,0
DA:59,0
DA:60,0
DA:61,0
DA:62,0
DA:65,0
DA:66,0
DA:67,0
DA:68,0
DA:69,0
DA:70,0
DA:72,0
DA:76,0
DA:77,0
DA:78,0
DA:79,0
DA:80,0
DA:81,0
DA:82,0
DA:83,0
DA:84,0
DA:85,0
DA:86,0
DA:88,0
DA:89,0
DA:92,0
DA:93,0
DA:94,0
DA:95,0
DA:96,0
DA:97,0
DA:98,0
DA:100,0
DA:101,0
DA:104,0
DA:105,0
DA:106,0
DA:107,0
DA:108,0
DA:109,0
DA:112,0
DA:113,0
DA:114,0
DA:115,0
DA:116,0
DA:117,0
DA:120,0
DA:121,0
DA:122,0
DA:123,0
DA:124,0
DA:125,0
DA:126,0
DA:127,0
DA:128,0
DA:129,0
DA:132,0
DA:133,0
DA:134,0
DA:135,0
DA:136,0
DA:137,0
DA:138,0
DA:141,0
DA:142,0
DA:143,0
DA:144,0
DA:145,0
DA:146,0
DA:149,0
DA:150,0
DA:153,0
DA:155,0
DA:156,0
DA:157,0
DA:159,0
DA:160,0
DA:161,0
DA:162,0
DA:163,0
DA:164,0
DA:165,0
DA:166,0
DA:168,0
DA:169,0
DA:170,0
DA:171,0
DA:172,0
DA:177,0
DA:178,0
DA:179,0
DA:180,0
DA:181,0
DA:182,0
DA:183,0
DA:189,0
DA:190,0
DA:191,0
DA:192,0
DA:195,0
DA:197,0
DA:198,0
DA:199,0
DA:200,0
DA:201,0
DA:202,0
DA:203,0
DA:204,0
DA:206,0
DA:208,0
DA:209,0
DA:210,0
DA:211,0
DA:212,0
DA:213,0
DA:214,0
DA:215,0
DA:216,0
DA:217,0
DA:218,0
DA:219,0
DA:220,0
DA:221,0
DA:222,0
DA:223,0
DA:224,0
DA:225,0
DA:226,0
DA:227,0
DA:228,0
DA:230,0
DA:232,0
DA:233,0
DA:234,0
DA:235,0
DA:236,0
DA:237,0
DA:239,0
DA:241,0
DA:242,0
DA:243,0
DA:244,0
DA:245,0
DA:246,0
DA:247,0
DA:248,0
DA:249,0
DA:250,0
DA:251,0
DA:253,0
DA:254,0
DA:255,0
DA:257,0
DA:258,0
DA:259,0
DA:261,0
DA:262,0
DA:263,0
DA:265,0
DA:266,0
DA:268,0
DA:272,0
DA:273,0
DA:274,0
DA:277,0
DA:278,0
DA:279,0
DA:280,0
DA:281,0
DA:282,0
BRF:0
BRH:0
LF:205
LH:0
end_of_record
SF:/home/noah/src/ruchy/src/backend/transpiler/dataframe.rs
FN:36,_RNCNvMNtNtNtCs2RUqfoJCtLU_5ruchy7backend10transpiler9dataframeNtB6_10Transpiler19transpile_dataframe0Ba_
FN:153,_RNCNvMNtNtNtCs2RUqfoJCtLU_5ruchy7backend10transpiler9dataframeNtB6_10Transpiler26transpile_dataframe_method0Ba_
FN:67,_RNCNvMNtNtNtCs2RUqfoJCtLU_5ruchy7backend10transpiler9dataframeNtB6_10Transpiler29transpile_dataframe_operation0Ba_
FN:88,_RNCNvMNtNtNtCs2RUqfoJCtLU_5ruchy7backend10transpiler9dataframeNtB6_10Transpiler29transpile_dataframe_operations0_0Ba_
FN:95,_RNCNvMNtNtNtCs2RUqfoJCtLU_5ruchy7backend10transpiler9dataframeNtB6_10Transpiler29transpile_dataframe_operations1_0Ba_
FN:117,_RNCNvMNtNtNtCs2RUqfoJCtLU_5ruchy7backend10transpiler9dataframeNtB6_10Transpiler29transpile_dataframe_operations2_0Ba_
FN:80,_RNCNvMNtNtNtCs2RUqfoJCtLU_5ruchy7backend10transpiler9dataframeNtB6_10Transpiler29transpile_dataframe_operations_0Ba_
FN:244,_RNvMNtNtNtCs2RUqfoJCtLU_5ruchy7backend10transpiler9dataframeNtB4_10Transpiler17is_dataframe_expr
FN:15,_RNvMNtNtNtCs2RUqfoJCtLU_5ruchy7backend10transpiler9dataframeNtB4_10Transpiler19transpile_dataframe
FN:145,_RNvMNtNtNtCs2RUqfoJCtLU_5ruchy7backend10transpiler9dataframeNtB4_10Transpiler26transpile_dataframe_method
FN:57,_RNvMNtNtNtCs2RUqfoJCtLU_5ruchy7backend10transpiler9dataframeNtB4_10Transpiler29transpile_dataframe_operation
FNDA:0,_RNCNvMNtNtNtCs2RUqfoJCtLU_5ruchy7backend10transpiler9dataframeNtB6_10Transpiler19transpile_dataframe0Ba_
FNDA:0,_RNCNvMNtNtNtCs2RUqfoJCtLU_5ruchy7backend10transpiler9dataframeNtB6_10Transpiler26transpile_dataframe_method0Ba_
FNDA:0,_RNCNvMNtNtNtCs2RUqfoJCtLU_5ruchy7backend10transpiler9dataframeNtB6_10Transpiler29transpile_dataframe_operation0Ba_
FNDA:0,_RNCNvMNtNtNtCs2RUqfoJCtLU_5ruchy7backend10transpiler9dataframeNtB6_10Transpiler29transpile_dataframe_operations0_0Ba_
FNDA:0,_RNCNvMNtNtNtCs2RUqfoJCtLU_5ruchy7backend10transpiler9dataframeNtB6_10Transpiler29transpile_dataframe_operations1_0Ba_
FNDA:0,_RNCNvMNtNtNtCs2RUqfoJCtLU_5ruchy7backend10transpiler9dataframeNtB6_10Transpiler29transpile_dataframe_operations2_0Ba_
FNDA:0,_RNCNvMNtNtNtCs2RUqfoJCtLU_5ruchy7backend10transpiler9dataframeNtB6_10Transpiler29transpile_dataframe_operations_0Ba_
FNDA:0,_RNvMNtNtNtCs2RUqfoJCtLU_5ruchy7backend10transpiler9dataframeNtB4_10Transpiler17is_dataframe_expr
FNDA:0,_RNvMNtNtNtCs2RUqfoJCtLU_5ruchy7backend10transpiler9dataframeNtB4_10Transpiler19transpile_dataframe
FNDA:0,_RNvMNtNtNtCs2RUqfoJCtLU_5ruchy7backend10transpiler9dataframeNtB4_10Transpiler26transpile_dataframe_method
FNDA:0,_RNvMNtNtNtCs2RUqfoJCtLU_5ruchy7backend10transpiler9dataframeNtB4_10Transpiler29transpile_dataframe_operation
FNF:11
FNH:0
DA:15,0
DA:16,0
DA:18,0
DA:19,0
DA:20,0
DA:21,0
DA:23,0
DA:25,0
DA:26,0
DA:29,0
DA:30,0
DA:33,0
DA:34,0
DA:35,0
DA:36,0
DA:37,0
DA:38,0
DA:39,0
DA:43,0
DA:49,0
DA:54,0
DA:57,0
DA:58,0
DA:59,0
DA:60,0
DA:61,0
DA:62,0
DA:64,0
DA:65,0
DA:66,0
DA:67,0
DA:68,0
DA:72,0
DA:73,0
DA:74,0
DA:75,0
DA:76,0
DA:78,0
DA:79,0
DA:80,0
DA:81,0
DA:85,0
DA:87,0
DA:88,0
DA:89,0
DA:93,0
DA:94,0
DA:95,0
DA:97,0
DA:98,0
DA:99,0
DA:100,0
DA:101,0
DA:104,0
DA:113,0
DA:115,0
DA:116,0
DA:117,0
DA:118,0
DA:119,0
DA:120,0
DA:121,0
DA:122,0
DA:123,0
DA:124,0
DA:125,0
DA:126,0
DA:128,0
DA:132,0
DA:133,0
DA:134,0
DA:135,0
DA:136,0
DA:137,0
DA:138,0
DA:139,0
DA:140,0
DA:142,0
DA:145,0
DA:146,0
DA:147,0
DA:148,0
DA:149,0
DA:150,0
DA:151,0
DA:153,0
DA:154,0
DA:157,0
DA:159,0
DA:162,0
DA:163,0
DA:164,0
DA:165,0
DA:167,0
DA:170,0
DA:172,0
DA:176,0
DA:178,0
DA:180,0
DA:182,0
DA:184,0
DA:186,0
DA:187,0
DA:188,0
DA:190,0
DA:195,0
DA:197,0
DA:198,0
DA:202,0
DA:204,0
DA:208,0
DA:209,0
DA:210,0
DA:216,0
DA:218,0
DA:219,0
DA:220,0
DA:221,0
DA:225,0
DA:226,0
DA:227,0
DA:228,0
DA:230,0
DA:235,0
DA:236,0
DA:241,0
DA:244,0
DA:247,0
DA:249,0
DA:252,0
DA:253,0
DA:254,0
DA:256,0
DA:261,0
DA:263,0
DA:264,0
DA:265,0
DA:266,0
DA:270,0
DA:272,0
DA:274,0
BRF:0
BRH:0
LF:148
LH:0
end_of_record
SF:/home/noah/src/ruchy/src/backend/transpiler/dataframe_builder.rs
FN:63,_RNvMNtNtNtCs2RUqfoJCtLU_5ruchy7backend10transpiler17dataframe_builderNtB4_10Transpiler20extract_column_chain
FN:88,_RNvMNtNtNtCs2RUqfoJCtLU_5ruchy7backend10transpiler17dataframe_builderNtB4_10Transpiler20is_dataframe_builder
FN:15,_RNvMNtNtNtCs2RUqfoJCtLU_5ruchy7backend10transpiler17dataframe_builderNtB4_10Transpiler27transpile_dataframe_builder
FN:43,_RNvMNtNtNtCs2RUqfoJCtLU_5ruchy7backend10transpiler17dataframe_builderNtB4_10Transpiler31extract_dataframe_builder_chain
FNDA:0,_RNvMNtNtNtCs2RUqfoJCtLU_5ruchy7backend10transpiler17dataframe_builderNtB4_10Transpiler20extract_column_chain
FNDA:0,_RNvMNtNtNtCs2RUqfoJCtLU_5ruchy7backend10transpiler17dataframe_builderNtB4_10Transpiler20is_dataframe_builder
FNDA:0,_RNvMNtNtNtCs2RUqfoJCtLU_5ruchy7backend10transpiler17dataframe_builderNtB4_10Transpiler27transpile_dataframe_builder
FNDA:0,_RNvMNtNtNtCs2RUqfoJCtLU_5ruchy7backend10transpiler17dataframe_builderNtB4_10Transpiler31extract_dataframe_builder_chain
FNF:4
FNH:0
DA:15,0
DA:17,0
DA:19,0
DA:20,0
DA:21,0
DA:22,0
DA:23,0
DA:29,0
DA:30,0
DA:32,0
DA:37,0
DA:39,0
DA:43,0
DA:44,0
DA:46,0
DA:47,0
DA:50,0
DA:51,0
DA:52,0
DA:53,0
DA:55,0
DA:58,0
DA:60,0
DA:63,0
DA:64,0
DA:65,0
DA:66,0
DA:67,0
DA:68,0
DA:71,0
DA:74,0
DA:76,0
DA:77,0
DA:78,0
DA:79,0
DA:80,0
DA:81,0
DA:83,0
DA:85,0
DA:88,0
DA:89,0
DA:90,0
DA:91,0
DA:93,0
DA:94,0
DA:95,0
DA:97,0
DA:100,0
DA:102,0
BRF:0
BRH:0
LF:49
LH:0
end_of_record
SF:/home/noah/src/ruchy/src/backend/transpiler/dispatcher.rs
FN:579,_RNCNvMNtNtNtCs2RUqfoJCtLU_5ruchy7backend10transpiler10dispatcherNtB6_10Transpiler19transpile_vec_macro0Ba_
FN:514,_RNCNvMNtNtNtCs2RUqfoJCtLU_5ruchy7backend10transpiler10dispatcherNtB6_10Transpiler20transpile_print_args0Ba_
FN:597,_RNCNvMNtNtNtCs2RUqfoJCtLU_5ruchy7backend10transpiler10dispatcherNtB6_10Transpiler22transpile_assert_macro0Ba_
FN:623,_RNCNvMNtNtNtCs2RUqfoJCtLU_5ruchy7backend10transpiler10dispatcherNtB6_10Transpiler25transpile_assert_eq_macro0Ba_
FN:645,_RNCNvMNtNtNtCs2RUqfoJCtLU_5ruchy7backend10transpiler10dispatcherNtB6_10Transpiler25transpile_assert_ne_macro0Ba_
FN:667,_RNCNvMNtNtNtCs2RUqfoJCtLU_5ruchy7backend10transpiler10dispatcherNtB6_10Transpiler27transpile_control_misc_expr0Ba_
FN:558,_RNCNvMNtNtNtCs2RUqfoJCtLU_5ruchy7backend10transpiler10dispatcherNtB6_10Transpiler40transpile_string_interpolation_for_prints_0Ba_
FN:548,_RNCNvMNtNtNtCs2RUqfoJCtLU_5ruchy7backend10transpiler10dispatcherNtB6_10Transpiler40transpile_string_interpolation_for_print0Ba_
FN:220,_RNvMNtNtNtCs2RUqfoJCtLU_5ruchy7backend10transpiler10dispatcherNtB4_10Transpiler15transpile_macro
FN:674,_RNvMNtNtNtCs2RUqfoJCtLU_5ruchy7backend10transpiler10dispatcherNtB4_10Transpiler19make_break_continue
FN:368,_RNvMNtNtNtCs2RUqfoJCtLU_5ruchy7backend10transpiler10dispatcherNtB4_10Transpiler19transpile_misc_expr
FN:313,_RNvMNtNtNtCs2RUqfoJCtLU_5ruchy7backend10transpiler10dispatcherNtB4_10Transpiler19transpile_result_ok
FN:27,_RNvMNtNtNtCs2RUqfoJCtLU_5ruchy7backend10transpiler10dispatcherNtB4_10Transpiler19transpile_type_cast
FN:576,_RNvMNtNtNtCs2RUqfoJCtLU_5ruchy7backend10transpiler10dispatcherNtB4_10Transpiler19transpile_vec_macro
FN:341,_RNvMNtNtNtCs2RUqfoJCtLU_5ruchy7backend10transpiler10dispatcherNtB4_10Transpiler20transpile_actor_expr
FN:14,_RNvMNtNtNtCs2RUqfoJCtLU_5ruchy7backend10transpiler10dispatcherNtB4_10Transpiler20transpile_basic_expr
FN:49,_RNvMNtNtNtCs2RUqfoJCtLU_5ruchy7backend10transpiler10dispatcherNtB4_10Transpiler20transpile_identifier
FN:484,_RNvMNtNtNtCs2RUqfoJCtLU_5ruchy7backend10transpiler10dispatcherNtB4_10Transpiler20transpile_print_args
FN:318,_RNvMNtNtNtCs2RUqfoJCtLU_5ruchy7backend10transpiler10dispatcherNtB4_10Transpiler20transpile_result_err
FN:330,_RNvMNtNtNtCs2RUqfoJCtLU_5ruchy7backend10transpiler10dispatcherNtB4_10Transpiler21transpile_option_some
FN:470,_RNvMNtNtNtCs2RUqfoJCtLU_5ruchy7backend10transpiler10dispatcherNtB4_10Transpiler21transpile_panic_macro
FN:453,_RNvMNtNtNtCs2RUqfoJCtLU_5ruchy7backend10transpiler10dispatcherNtB4_10Transpiler21transpile_print_macro
FN:240,_RNvMNtNtNtCs2RUqfoJCtLU_5ruchy7backend10transpiler10dispatcherNtB4_10Transpiler21transpile_struct_expr
FN:594,_RNvMNtNtNtCs2RUqfoJCtLU_5ruchy7backend10transpiler10dispatcherNtB4_10Transpiler22transpile_assert_macro
FN:335,_RNvMNtNtNtCs2RUqfoJCtLU_5ruchy7backend10transpiler10dispatcherNtB4_10Transpiler22transpile_try_operator
FN:178,_RNvMNtNtNtCs2RUqfoJCtLU_5ruchy7backend10transpiler10dispatcherNtB4_10Transpiler23transpile_function_expr
FN:436,_RNvMNtNtNtCs2RUqfoJCtLU_5ruchy7backend10transpiler10dispatcherNtB4_10Transpiler23transpile_println_macro
FN:276,_RNvMNtNtNtCs2RUqfoJCtLU_5ruchy7backend10transpiler10dispatcherNtB4_10Transpiler24transpile_data_only_expr
FN:90,_RNvMNtNtNtCs2RUqfoJCtLU_5ruchy7backend10transpiler10dispatcherNtB4_10Transpiler24transpile_qualified_name
FN:399,_RNvMNtNtNtCs2RUqfoJCtLU_5ruchy7backend10transpiler10dispatcherNtB4_10Transpiler24transpile_type_decl_expr
FN:616,_RNvMNtNtNtCs2RUqfoJCtLU_5ruchy7backend10transpiler10dispatcherNtB4_10Transpiler25transpile_assert_eq_macro
FN:638,_RNvMNtNtNtCs2RUqfoJCtLU_5ruchy7backend10transpiler10dispatcherNtB4_10Transpiler25transpile_assert_ne_macro
FN:258,_RNvMNtNtNtCs2RUqfoJCtLU_5ruchy7backend10transpiler10dispatcherNtB4_10Transpiler25transpile_data_error_expr
FN:301,_RNvMNtNtNtCs2RUqfoJCtLU_5ruchy7backend10transpiler10dispatcherNtB4_10Transpiler25transpile_error_only_expr
FN:652,_RNvMNtNtNtCs2RUqfoJCtLU_5ruchy7backend10transpiler10dispatcherNtB4_10Transpiler27transpile_control_misc_expr
FN:136,_RNvMNtNtNtCs2RUqfoJCtLU_5ruchy7backend10transpiler10dispatcherNtB4_10Transpiler28transpile_operator_only_expr
FN:114,_RNvMNtNtNtCs2RUqfoJCtLU_5ruchy7backend10transpiler10dispatcherNtB4_10Transpiler31transpile_operator_control_expr
FN:148,_RNvMNtNtNtCs2RUqfoJCtLU_5ruchy7backend10transpiler10dispatcherNtB4_10Transpiler32transpile_control_flow_only_expr
FN:547,_RNvMNtNtNtCs2RUqfoJCtLU_5ruchy7backend10transpiler10dispatcherNtB4_10Transpiler40transpile_string_interpolation_for_print
FNDA:0,_RNCNvMNtNtNtCs2RUqfoJCtLU_5ruchy7backend10transpiler10dispatcherNtB6_10Transpiler19transpile_vec_macro0Ba_
FNDA:0,_RNCNvMNtNtNtCs2RUqfoJCtLU_5ruchy7backend10transpiler10dispatcherNtB6_10Transpiler20transpile_print_args0Ba_
FNDA:0,_RNCNvMNtNtNtCs2RUqfoJCtLU_5ruchy7backend10transpiler10dispatcherNtB6_10Transpiler22transpile_assert_macro0Ba_
FNDA:0,_RNCNvMNtNtNtCs2RUqfoJCtLU_5ruchy7backend10transpiler10dispatcherNtB6_10Transpiler25transpile_assert_eq_macro0Ba_
FNDA:0,_RNCNvMNtNtNtCs2RUqfoJCtLU_5ruchy7backend10transpiler10dispatcherNtB6_10Transpiler25transpile_assert_ne_macro0Ba_
FNDA:0,_RNCNvMNtNtNtCs2RUqfoJCtLU_5ruchy7backend10transpiler10dispatcherNtB6_10Transpiler27transpile_control_misc_expr0Ba_
FNDA:0,_RNCNvMNtNtNtCs2RUqfoJCtLU_5ruchy7backend10transpiler10dispatcherNtB6_10Transpiler40transpile_string_interpolation_for_prints_0Ba_
FNDA:0,_RNCNvMNtNtNtCs2RUqfoJCtLU_5ruchy7backend10transpiler10dispatcherNtB6_10Transpiler40transpile_string_interpolation_for_print0Ba_
FNDA:0,_RNvMNtNtNtCs2RUqfoJCtLU_5ruchy7backend10transpiler10dispatcherNtB4_10Transpiler15transpile_macro
FNDA:0,_RNvMNtNtNtCs2RUqfoJCtLU_5ruchy7backend10transpiler10dispatcherNtB4_10Transpiler19make_break_continue
FNDA:0,_RNvMNtNtNtCs2RUqfoJCtLU_5ruchy7backend10transpiler10dispatcherNtB4_10Transpiler19transpile_misc_expr
FNDA:0,_RNvMNtNtNtCs2RUqfoJCtLU_5ruchy7backend10transpiler10dispatcherNtB4_10Transpiler19transpile_result_ok
FNDA:0,_RNvMNtNtNtCs2RUqfoJCtLU_5ruchy7backend10transpiler10dispatcherNtB4_10Transpiler19transpile_type_cast
FNDA:0,_RNvMNtNtNtCs2RUqfoJCtLU_5ruchy7backend10transpiler10dispatcherNtB4_10Transpiler19transpile_vec_macro
FNDA:0,_RNvMNtNtNtCs2RUqfoJCtLU_5ruchy7backend10transpiler10dispatcherNtB4_10Transpiler20transpile_actor_expr
FNDA:0,_RNvMNtNtNtCs2RUqfoJCtLU_5ruchy7backend10transpiler10dispatcherNtB4_10Transpiler20transpile_basic_expr
FNDA:0,_RNvMNtNtNtCs2RUqfoJCtLU_5ruchy7backend10transpiler10dispatcherNtB4_10Transpiler20transpile_identifier
FNDA:0,_RNvMNtNtNtCs2RUqfoJCtLU_5ruchy7backend10transpiler10dispatcherNtB4_10Transpiler20transpile_print_args
FNDA:0,_RNvMNtNtNtCs2RUqfoJCtLU_5ruchy7backend10transpiler10dispatcherNtB4_10Transpiler20transpile_result_err
FNDA:0,_RNvMNtNtNtCs2RUqfoJCtLU_5ruchy7backend10transpiler10dispatcherNtB4_10Transpiler21transpile_option_some
FNDA:0,_RNvMNtNtNtCs2RUqfoJCtLU_5ruchy7backend10transpiler10dispatcherNtB4_10Transpiler21transpile_panic_macro
FNDA:0,_RNvMNtNtNtCs2RUqfoJCtLU_5ruchy7backend10transpiler10dispatcherNtB4_10Transpiler21transpile_print_macro
FNDA:0,_RNvMNtNtNtCs2RUqfoJCtLU_5ruchy7backend10transpiler10dispatcherNtB4_10Transpiler21transpile_struct_expr
FNDA:0,_RNvMNtNtNtCs2RUqfoJCtLU_5ruchy7backend10transpiler10dispatcherNtB4_10Transpiler22transpile_assert_macro
FNDA:0,_RNvMNtNtNtCs2RUqfoJCtLU_5ruchy7backend10transpiler10dispatcherNtB4_10Transpiler22transpile_try_operator
FNDA:0,_RNvMNtNtNtCs2RUqfoJCtLU_5ruchy7backend10transpiler10dispatcherNtB4_10Transpiler23transpile_function_expr
FNDA:0,_RNvMNtNtNtCs2RUqfoJCtLU_5ruchy7backend10transpiler10dispatcherNtB4_10Transpiler23transpile_println_macro
FNDA:0,_RNvMNtNtNtCs2RUqfoJCtLU_5ruchy7backend10transpiler10dispatcherNtB4_10Transpiler24transpile_data_only_expr
FNDA:0,_RNvMNtNtNtCs2RUqfoJCtLU_5ruchy7backend10transpiler10dispatcherNtB4_10Transpiler24transpile_qualified_name
FNDA:0,_RNvMNtNtNtCs2RUqfoJCtLU_5ruchy7backend10transpiler10dispatcherNtB4_10Transpiler24transpile_type_decl_expr
FNDA:0,_RNvMNtNtNtCs2RUqfoJCtLU_5ruchy7backend10transpiler10dispatcherNtB4_10Transpiler25transpile_assert_eq_macro
FNDA:0,_RNvMNtNtNtCs2RUqfoJCtLU_5ruchy7backend10transpiler10dispatcherNtB4_10Transpiler25transpile_assert_ne_macro
FNDA:0,_RNvMNtNtNtCs2RUqfoJCtLU_5ruchy7backend10transpiler10dispatcherNtB4_10Transpiler25transpile_data_error_expr
FNDA:0,_RNvMNtNtNtCs2RUqfoJCtLU_5ruchy7backend10transpiler10dispatcherNtB4_10Transpiler25transpile_error_only_expr
FNDA:0,_RNvMNtNtNtCs2RUqfoJCtLU_5ruchy7backend10transpiler10dispatcherNtB4_10Transpiler27transpile_control_misc_expr
FNDA:0,_RNvMNtNtNtCs2RUqfoJCtLU_5ruchy7backend10transpiler10dispatcherNtB4_10Transpiler28transpile_operator_only_expr
FNDA:0,_RNvMNtNtNtCs2RUqfoJCtLU_5ruchy7backend10transpiler10dispatcherNtB4_10Transpiler31transpile_operator_control_expr
FNDA:0,_RNvMNtNtNtCs2RUqfoJCtLU_5ruchy7backend10transpiler10dispatcherNtB4_10Transpiler32transpile_control_flow_only_expr
FNDA:0,_RNvMNtNtNtCs2RUqfoJCtLU_5ruchy7backend10transpiler10dispatcherNtB4_10Transpiler40transpile_string_interpolation_for_print
FNF:39
FNH:0
DA:14,0
DA:15,0
DA:16,0
DA:17,0
DA:18,0
DA:19,0
DA:21,0
DA:22,0
DA:23,0
DA:25,0
DA:27,0
DA:28,0
DA:31,0
DA:32,0
DA:33,0
DA:34,0
DA:35,0
DA:36,0
DA:37,0
DA:38,0
DA:39,0
DA:40,0
DA:41,0
DA:42,0
DA:43,0
DA:46,0
DA:47,0
DA:49,0
DA:51,0
DA:53,0
DA:54,0
DA:56,0
DA:57,0
DA:58,0
DA:59,0
DA:60,0
DA:62,0
DA:65,0
DA:66,0
DA:68,0
DA:69,0
DA:70,0
DA:73,0
DA:76,0
DA:78,0
DA:79,0
DA:80,0
DA:82,0
DA:85,0
DA:86,0
DA:88,0
DA:90,0
DA:92,0
DA:93,0
DA:95,0
DA:97,0
DA:98,0
DA:101,0
DA:102,0
DA:103,0
DA:104,0
DA:105,0
DA:106,0
DA:107,0
DA:109,0
DA:111,0
DA:114,0
DA:115,0
DA:122,0
DA:131,0
DA:132,0
DA:134,0
DA:136,0
DA:137,0
DA:138,0
DA:139,0
DA:140,0
DA:141,0
DA:142,0
DA:143,0
DA:144,0
DA:146,0
DA:148,0
DA:149,0
DA:151,0
DA:152,0
DA:153,0
DA:154,0
DA:155,0
DA:156,0
DA:157,0
DA:159,0
DA:160,0
DA:161,0
DA:162,0
DA:163,0
DA:165,0
DA:166,0
DA:167,0
DA:168,0
DA:169,0
DA:170,0
DA:171,0
DA:173,0
DA:175,0
DA:178,0
DA:179,0
DA:181,0
DA:182,0
DA:183,0
DA:184,0
DA:185,0
DA:186,0
DA:187,0
DA:188,0
DA:189,0
DA:190,0
DA:191,0
DA:192,0
DA:193,0
DA:194,0
DA:195,0
DA:196,0
DA:198,0
DA:199,0
DA:201,0
DA:202,0
DA:203,0
DA:204,0
DA:205,0
DA:206,0
DA:208,0
DA:220,0
DA:221,0
DA:223,0
DA:224,0
DA:225,0
DA:228,0
DA:231,0
DA:232,0
DA:233,0
DA:235,0
DA:237,0
DA:240,0
DA:241,0
DA:243,0
DA:244,0
DA:245,0
DA:246,0
DA:247,0
DA:248,0
DA:249,0
DA:250,0
DA:251,0
DA:252,0
DA:253,0
DA:255,0
DA:258,0
DA:259,0
DA:265,0
DA:271,0
DA:272,0
DA:274,0
DA:276,0
DA:277,0
DA:278,0
DA:279,0
DA:280,0
DA:282,0
DA:283,0
DA:285,0
DA:286,0
DA:287,0
DA:288,0
DA:290,0
DA:293,0
DA:294,0
DA:295,0
DA:296,0
DA:297,0
DA:299,0
DA:301,0
DA:302,0
DA:303,0
DA:304,0
DA:305,0
DA:306,0
DA:307,0
DA:308,0
DA:309,0
DA:311,0
DA:313,0
DA:314,0
DA:315,0
DA:316,0
DA:318,0
DA:319,0
DA:321,0
DA:323,0
DA:325,0
DA:327,0
DA:328,0
DA:330,0
DA:331,0
DA:332,0
DA:333,0
DA:335,0
DA:336,0
DA:337,0
DA:338,0
DA:341,0
DA:342,0
DA:344,0
DA:345,0
DA:346,0
DA:347,0
DA:348,0
DA:349,0
DA:352,0
DA:353,0
DA:354,0
DA:355,0
DA:356,0
DA:358,0
DA:360,0
DA:361,0
DA:363,0
DA:365,0
DA:368,0
DA:369,0
DA:371,0
DA:373,0
DA:374,0
DA:375,0
DA:376,0
DA:378,0
DA:380,0
DA:381,0
DA:383,0
DA:384,0
DA:385,0
DA:386,0
DA:387,0
DA:391,0
DA:393,0
DA:395,0
DA:397,0
DA:399,0
DA:400,0
DA:402,0
DA:403,0
DA:404,0
DA:405,0
DA:406,0
DA:408,0
DA:409,0
DA:410,0
DA:411,0
DA:412,0
DA:413,0
DA:415,0
DA:416,0
DA:417,0
DA:419,0
DA:420,0
DA:421,0
DA:422,0
DA:423,0
DA:424,0
DA:426,0
DA:436,0
DA:437,0
DA:438,0
DA:439,0
DA:441,0
DA:443,0
DA:453,0
DA:454,0
DA:455,0
DA:456,0
DA:458,0
DA:460,0
DA:470,0
DA:471,0
DA:472,0
DA:473,0
DA:475,0
DA:477,0
DA:484,0
DA:485,0
DA:486,0
DA:487,0
DA:490,0
DA:491,0
DA:492,0
DA:495,0
DA:497,0
DA:498,0
DA:499,0
DA:502,0
DA:505,0
DA:506,0
DA:507,0
DA:510,0
DA:513,0
DA:514,0
DA:515,0
DA:516,0
DA:517,0
DA:519,0
DA:520,0
DA:524,0
DA:525,0
DA:528,0
DA:532,0
DA:537,0
DA:538,0
DA:540,0
DA:547,0
DA:548,0
DA:552,0
DA:554,0
DA:557,0
DA:558,0
DA:559,0
DA:561,0
DA:562,0
DA:563,0
DA:564,0
DA:566,0
DA:576,0
DA:577,0
DA:578,0
DA:579,0
DA:580,0
DA:581,0
DA:583,0
DA:584,0
DA:594,0
DA:595,0
DA:596,0
DA:597,0
DA:598,0
DA:599,0
DA:601,0
DA:602,0
DA:604,0
DA:606,0
DA:616,0
DA:617,0
DA:618,0
DA:619,0
DA:621,0
DA:622,0
DA:623,0
DA:624,0
DA:625,0
DA:627,0
DA:628,0
DA:638,0
DA:639,0
DA:640,0
DA:641,0
DA:643,0
DA:644,0
DA:645,0
DA:646,0
DA:647,0
DA:649,0
DA:650,0
DA:652,0
DA:653,0
DA:654,0
DA:655,0
DA:656,0
DA:657,0
DA:658,0
DA:659,0
DA:660,0
DA:662,0
DA:665,0
DA:666,0
DA:667,0
DA:668,0
DA:670,0
DA:672,0
DA:674,0
DA:675,0
DA:676,0
DA:678,0
DA:680,0
DA:681,0
DA:682,0
DA:683,0
DA:685,0
DA:687,0
BRF:0
BRH:0
LF:404
LH:0
end_of_record
SF:/home/noah/src/ruchy/src/backend/transpiler/expressions.rs
FN:490,_RNCNvMNtNtNtCs2RUqfoJCtLU_5ruchy7backend10transpiler11expressionsNtB6_10Transpiler14transpile_lists_0Ba_
FN:499,_RNCNvMNtNtNtCs2RUqfoJCtLU_5ruchy7backend10transpiler11expressionsNtB6_10Transpiler15transpile_tuple0Ba_
FN:468,_RNCNvMNtNtNtCs2RUqfoJCtLU_5ruchy7backend10transpiler11expressionsNtB6_10Transpiler14transpile_list0Ba_
FN:466,_RNvMNtNtNtCs2RUqfoJCtLU_5ruchy7backend10transpiler11expressionsNtB4_10Transpiler14transpile_list
FN:271,_RNvMNtNtNtCs2RUqfoJCtLU_5ruchy7backend10transpiler11expressionsNtB4_10Transpiler15transpile_await
FN:505,_RNvMNtNtNtCs2RUqfoJCtLU_5ruchy7backend10transpiler11expressionsNtB4_10Transpiler15transpile_range
FN:352,_RNvMNtNtNtCs2RUqfoJCtLU_5ruchy7backend10transpiler11expressionsNtB4_10Transpiler15transpile_slice
FN:283,_RNvMNtNtNtCs2RUqfoJCtLU_5ruchy7backend10transpiler11expressionsNtB4_10Transpiler15transpile_throw
FN:497,_RNvMNtNtNtCs2RUqfoJCtLU_5ruchy7backend10transpiler11expressionsNtB4_10Transpiler15transpile_tuple
FN:259,_RNvMNtNtNtCs2RUqfoJCtLU_5ruchy7backend10transpiler11expressionsNtB4_10Transpiler15transpile_unary
FN:380,_RNvMNtNtNtCs2RUqfoJCtLU_5ruchy7backend10transpiler11expressionsNtB4_10Transpiler16transpile_assign
FN:86,_RNvMNtNtNtCs2RUqfoJCtLU_5ruchy7backend10transpiler11expressionsNtB4_10Transpiler16transpile_binary
FN:32,_RNvMNtNtNtCs2RUqfoJCtLU_5ruchy7backend10transpiler11expressionsNtB4_10Transpiler17transpile_integer
FN:14,_RNvMNtNtNtCs2RUqfoJCtLU_5ruchy7backend10transpiler11expressionsNtB4_10Transpiler17transpile_literal
FN:209,_RNvMNtNtNtCs2RUqfoJCtLU_5ruchy7backend10transpiler11expressionsNtB4_10Transpiler18transpile_equality
FN:217,_RNvMNtNtNtCs2RUqfoJCtLU_5ruchy7backend10transpiler11expressionsNtB4_10Transpiler18transpile_ordering
FN:143,_RNvMNtNtNtCs2RUqfoJCtLU_5ruchy7backend10transpiler11expressionsNtB4_10Transpiler19transpile_binary_op
FN:251,_RNvMNtNtNtCs2RUqfoJCtLU_5ruchy7backend10transpiler11expressionsNtB4_10Transpiler19transpile_shift_ops
FN:595,_RNvMNtNtNtCs2RUqfoJCtLU_5ruchy7backend10transpiler11expressionsNtB4_10Transpiler20is_definitely_string
FN:139,_RNvMNtNtNtCs2RUqfoJCtLU_5ruchy7backend10transpiler11expressionsNtB4_10Transpiler20is_right_associative
FN:241,_RNvMNtNtNtCs2RUqfoJCtLU_5ruchy7backend10transpiler11expressionsNtB4_10Transpiler20transpile_bitwise_op
FN:233,_RNvMNtNtNtCs2RUqfoJCtLU_5ruchy7backend10transpiler11expressionsNtB4_10Transpiler20transpile_logical_op
FN:400,_RNvMNtNtNtCs2RUqfoJCtLU_5ruchy7backend10transpiler11expressionsNtB4_10Transpiler21get_compound_op_token
FN:277,_RNvMNtNtNtCs2RUqfoJCtLU_5ruchy7backend10transpiler11expressionsNtB4_10Transpiler21transpile_async_block
FN:225,_RNvMNtNtNtCs2RUqfoJCtLU_5ruchy7backend10transpiler11expressionsNtB4_10Transpiler21transpile_greater_ops
FN:192,_RNvMNtNtNtCs2RUqfoJCtLU_5ruchy7backend10transpiler11expressionsNtB4_10Transpiler22transpile_division_mod
FN:291,_RNvMNtNtNtCs2RUqfoJCtLU_5ruchy7backend10transpiler11expressionsNtB4_10Transpiler22transpile_field_access
FN:328,_RNvMNtNtNtCs2RUqfoJCtLU_5ruchy7backend10transpiler11expressionsNtB4_10Transpiler22transpile_index_access
FN:125,_RNvMNtNtNtCs2RUqfoJCtLU_5ruchy7backend10transpiler11expressionsNtB4_10Transpiler23get_operator_precedence
FN:167,_RNvMNtNtNtCs2RUqfoJCtLU_5ruchy7backend10transpiler11expressionsNtB4_10Transpiler23transpile_arithmetic_op
FN:200,_RNvMNtNtNtCs2RUqfoJCtLU_5ruchy7backend10transpiler11expressionsNtB4_10Transpiler23transpile_comparison_op
FN:448,_RNvMNtNtNtCs2RUqfoJCtLU_5ruchy7backend10transpiler11expressionsNtB4_10Transpiler23transpile_pre_decrement
FN:430,_RNvMNtNtNtCs2RUqfoJCtLU_5ruchy7backend10transpiler11expressionsNtB4_10Transpiler23transpile_pre_increment
FN:412,_RNvMNtNtNtCs2RUqfoJCtLU_5ruchy7backend10transpiler11expressionsNtB4_10Transpiler24get_basic_compound_token
FN:522,_RNvMNtNtNtCs2RUqfoJCtLU_5ruchy7backend10transpiler11expressionsNtB4_10Transpiler24transpile_object_literal
FN:454,_RNvMNtNtNtCs2RUqfoJCtLU_5ruchy7backend10transpiler11expressionsNtB4_10Transpiler24transpile_post_decrement
FN:436,_RNvMNtNtNtCs2RUqfoJCtLU_5ruchy7backend10transpiler11expressionsNtB4_10Transpiler24transpile_post_increment
FN:23,_RNvMNtNtNtCs2RUqfoJCtLU_5ruchy7backend10transpiler11expressionsNtB4_10Transpiler24transpile_simple_literal
FN:567,_RNvMNtNtNtCs2RUqfoJCtLU_5ruchy7backend10transpiler11expressionsNtB4_10Transpiler24transpile_struct_literal
FN:387,_RNvMNtNtNtCs2RUqfoJCtLU_5ruchy7backend10transpiler11expressionsNtB4_10Transpiler25transpile_compound_assign
FN:178,_RNvMNtNtNtCs2RUqfoJCtLU_5ruchy7backend10transpiler11expressionsNtB4_10Transpiler26transpile_basic_arithmetic
FN:421,_RNvMNtNtNtCs2RUqfoJCtLU_5ruchy7backend10transpiler11expressionsNtB4_10Transpiler27get_division_compound_token
FN:536,_RNvMNtNtNtCs2RUqfoJCtLU_5ruchy7backend10transpiler11expressionsNtB4_10Transpiler28collect_hashmap_field_tokens
FN:103,_RNvMNtNtNtCs2RUqfoJCtLU_5ruchy7backend10transpiler11expressionsNtB4_10Transpiler30transpile_expr_with_precedence
FN:622,_RNvMNtNtNtCs2RUqfoJCtLU_5ruchy7backend10transpiler11expressionsNtB4_10Transpiler30transpile_string_concatenation
FN:50,_RNvMNtNtNtCs2RUqfoJCtLU_5ruchy7backend10transpiler11expressionsNtB4_10Transpiler30transpile_string_interpolation
FNDA:0,_RNCNvMNtNtNtCs2RUqfoJCtLU_5ruchy7backend10transpiler11expressionsNtB6_10Transpiler14transpile_lists_0Ba_
FNDA:0,_RNCNvMNtNtNtCs2RUqfoJCtLU_5ruchy7backend10transpiler11expressionsNtB6_10Transpiler15transpile_tuple0Ba_
FNDA:0,_RNCNvMNtNtNtCs2RUqfoJCtLU_5ruchy7backend10transpiler11expressionsNtB6_10Transpiler14transpile_list0Ba_
FNDA:0,_RNvMNtNtNtCs2RUqfoJCtLU_5ruchy7backend10transpiler11expressionsNtB4_10Transpiler14transpile_list
FNDA:0,_RNvMNtNtNtCs2RUqfoJCtLU_5ruchy7backend10transpiler11expressionsNtB4_10Transpiler15transpile_await
FNDA:0,_RNvMNtNtNtCs2RUqfoJCtLU_5ruchy7backend10transpiler11expressionsNtB4_10Transpiler15transpile_range
FNDA:0,_RNvMNtNtNtCs2RUqfoJCtLU_5ruchy7backend10transpiler11expressionsNtB4_10Transpiler15transpile_slice
FNDA:0,_RNvMNtNtNtCs2RUqfoJCtLU_5ruchy7backend10transpiler11expressionsNtB4_10Transpiler15transpile_throw
FNDA:0,_RNvMNtNtNtCs2RUqfoJCtLU_5ruchy7backend10transpiler11expressionsNtB4_10Transpiler15transpile_tuple
FNDA:0,_RNvMNtNtNtCs2RUqfoJCtLU_5ruchy7backend10transpiler11expressionsNtB4_10Transpiler15transpile_unary
FNDA:0,_RNvMNtNtNtCs2RUqfoJCtLU_5ruchy7backend10transpiler11expressionsNtB4_10Transpiler16transpile_assign
FNDA:0,_RNvMNtNtNtCs2RUqfoJCtLU_5ruchy7backend10transpiler11expressionsNtB4_10Transpiler16transpile_binary
FNDA:0,_RNvMNtNtNtCs2RUqfoJCtLU_5ruchy7backend10transpiler11expressionsNtB4_10Transpiler17transpile_integer
FNDA:0,_RNvMNtNtNtCs2RUqfoJCtLU_5ruchy7backend10transpiler11expressionsNtB4_10Transpiler17transpile_literal
FNDA:0,_RNvMNtNtNtCs2RUqfoJCtLU_5ruchy7backend10transpiler11expressionsNtB4_10Transpiler18transpile_equality
FNDA:0,_RNvMNtNtNtCs2RUqfoJCtLU_5ruchy7backend10transpiler11expressionsNtB4_10Transpiler18transpile_ordering
FNDA:0,_RNvMNtNtNtCs2RUqfoJCtLU_5ruchy7backend10transpiler11expressionsNtB4_10Transpiler19transpile_binary_op
FNDA:0,_RNvMNtNtNtCs2RUqfoJCtLU_5ruchy7backend10transpiler11expressionsNtB4_10Transpiler19transpile_shift_ops
FNDA:0,_RNvMNtNtNtCs2RUqfoJCtLU_5ruchy7backend10transpiler11expressionsNtB4_10Transpiler20is_definitely_string
FNDA:0,_RNvMNtNtNtCs2RUqfoJCtLU_5ruchy7backend10transpiler11expressionsNtB4_10Transpiler20is_right_associative
FNDA:0,_RNvMNtNtNtCs2RUqfoJCtLU_5ruchy7backend10transpiler11expressionsNtB4_10Transpiler20transpile_bitwise_op
FNDA:0,_RNvMNtNtNtCs2RUqfoJCtLU_5ruchy7backend10transpiler11expressionsNtB4_10Transpiler20transpile_logical_op
FNDA:0,_RNvMNtNtNtCs2RUqfoJCtLU_5ruchy7backend10transpiler11expressionsNtB4_10Transpiler21get_compound_op_token
FNDA:0,_RNvMNtNtNtCs2RUqfoJCtLU_5ruchy7backend10transpiler11expressionsNtB4_10Transpiler21transpile_async_block
FNDA:0,_RNvMNtNtNtCs2RUqfoJCtLU_5ruchy7backend10transpiler11expressionsNtB4_10Transpiler21transpile_greater_ops
FNDA:0,_RNvMNtNtNtCs2RUqfoJCtLU_5ruchy7backend10transpiler11expressionsNtB4_10Transpiler22transpile_division_mod
FNDA:0,_RNvMNtNtNtCs2RUqfoJCtLU_5ruchy7backend10transpiler11expressionsNtB4_10Transpiler22transpile_field_access
FNDA:0,_RNvMNtNtNtCs2RUqfoJCtLU_5ruchy7backend10transpiler11expressionsNtB4_10Transpiler22transpile_index_access
FNDA:0,_RNvMNtNtNtCs2RUqfoJCtLU_5ruchy7backend10transpiler11expressionsNtB4_10Transpiler23get_operator_precedence
FNDA:0,_RNvMNtNtNtCs2RUqfoJCtLU_5ruchy7backend10transpiler11expressionsNtB4_10Transpiler23transpile_arithmetic_op
FNDA:0,_RNvMNtNtNtCs2RUqfoJCtLU_5ruchy7backend10transpiler11expressionsNtB4_10Transpiler23transpile_comparison_op
FNDA:0,_RNvMNtNtNtCs2RUqfoJCtLU_5ruchy7backend10transpiler11expressionsNtB4_10Transpiler23transpile_pre_decrement
FNDA:0,_RNvMNtNtNtCs2RUqfoJCtLU_5ruchy7backend10transpiler11expressionsNtB4_10Transpiler23transpile_pre_increment
FNDA:0,_RNvMNtNtNtCs2RUqfoJCtLU_5ruchy7backend10transpiler11expressionsNtB4_10Transpiler24get_basic_compound_token
FNDA:0,_RNvMNtNtNtCs2RUqfoJCtLU_5ruchy7backend10transpiler11expressionsNtB4_10Transpiler24transpile_object_literal
FNDA:0,_RNvMNtNtNtCs2RUqfoJCtLU_5ruchy7backend10transpiler11expressionsNtB4_10Transpiler24transpile_post_decrement
FNDA:0,_RNvMNtNtNtCs2RUqfoJCtLU_5ruchy7backend10transpiler11expressionsNtB4_10Transpiler24transpile_post_increment
FNDA:0,_RNvMNtNtNtCs2RUqfoJCtLU_5ruchy7backend10transpiler11expressionsNtB4_10Transpiler24transpile_simple_literal
FNDA:0,_RNvMNtNtNtCs2RUqfoJCtLU_5ruchy7backend10transpiler11expressionsNtB4_10Transpiler24transpile_struct_literal
FNDA:0,_RNvMNtNtNtCs2RUqfoJCtLU_5ruchy7backend10transpiler11expressionsNtB4_10Transpiler25transpile_compound_assign
FNDA:0,_RNvMNtNtNtCs2RUqfoJCtLU_5ruchy7backend10transpiler11expressionsNtB4_10Transpiler26transpile_basic_arithmetic
FNDA:0,_RNvMNtNtNtCs2RUqfoJCtLU_5ruchy7backend10transpiler11expressionsNtB4_10Transpiler27get_division_compound_token
FNDA:0,_RNvMNtNtNtCs2RUqfoJCtLU_5ruchy7backend10transpiler11expressionsNtB4_10Transpiler28collect_hashmap_field_tokens
FNDA:0,_RNvMNtNtNtCs2RUqfoJCtLU_5ruchy7backend10transpiler11expressionsNtB4_10Transpiler30transpile_expr_with_precedence
FNDA:0,_RNvMNtNtNtCs2RUqfoJCtLU_5ruchy7backend10transpiler11expressionsNtB4_10Transpiler30transpile_string_concatenation
FNDA:0,_RNvMNtNtNtCs2RUqfoJCtLU_5ruchy7backend10transpiler11expressionsNtB4_10Transpiler30transpile_string_interpolation
FNF:46
FNH:0
DA:14,0
DA:15,0
DA:16,0
DA:17,0
DA:18,0
DA:19,0
DA:21,0
DA:23,0
DA:24,0
DA:25,0
DA:26,0
DA:27,0
DA:28,0
DA:30,0
DA:32,0
DA:35,0
DA:37,0
DA:38,0
DA:41,0
DA:42,0
DA:44,0
DA:50,0
DA:51,0
DA:52,0
DA:53,0
DA:55,0
DA:56,0
DA:58,0
DA:59,0
DA:60,0
DA:61,0
DA:62,0
DA:63,0
DA:64,0
DA:65,0
DA:66,0
DA:67,0
DA:69,0
DA:71,0
DA:72,0
DA:73,0
DA:74,0
DA:75,0
DA:80,0
DA:83,0
DA:86,0
DA:89,0
DA:90,0
DA:91,0
DA:94,0
DA:95,0
DA:97,0
DA:98,0
DA:103,0
DA:104,0
DA:107,0
DA:108,0
DA:109,0
DA:113,0
DA:114,0
DA:116,0
DA:117,0
DA:118,0
DA:119,0
DA:121,0
DA:122,0
DA:125,0
DA:126,0
DA:127,0
DA:128,0
DA:129,0
DA:130,0
DA:131,0
DA:132,0
DA:133,0
DA:134,0
DA:136,0
DA:139,0
DA:140,0
DA:141,0
DA:143,0
DA:149,0
DA:152,0
DA:156,0
DA:159,0
DA:162,0
DA:165,0
DA:167,0
DA:169,0
DA:171,0
DA:173,0
DA:174,0
DA:176,0
DA:178,0
DA:179,0
DA:180,0
DA:181,0
DA:182,0
DA:184,0
DA:185,0
DA:186,0
DA:187,0
DA:188,0
DA:190,0
DA:192,0
DA:193,0
DA:194,0
DA:195,0
DA:196,0
DA:198,0
DA:200,0
DA:202,0
DA:203,0
DA:204,0
DA:205,0
DA:207,0
DA:209,0
DA:210,0
DA:211,0
DA:212,0
DA:213,0
DA:215,0
DA:217,0
DA:218,0
DA:219,0
DA:220,0
DA:221,0
DA:223,0
DA:225,0
DA:226,0
DA:227,0
DA:228,0
DA:229,0
DA:231,0
DA:233,0
DA:234,0
DA:235,0
DA:236,0
DA:237,0
DA:239,0
DA:241,0
DA:243,0
DA:244,0
DA:245,0
DA:246,0
DA:247,0
DA:249,0
DA:251,0
DA:252,0
DA:253,0
DA:254,0
DA:256,0
DA:259,0
DA:260,0
DA:262,0
DA:263,0
DA:264,0
DA:265,0
DA:267,0
DA:271,0
DA:272,0
DA:273,0
DA:274,0
DA:277,0
DA:278,0
DA:279,0
DA:280,0
DA:283,0
DA:284,0
DA:285,0
DA:286,0
DA:287,0
DA:288,0
DA:291,0
DA:294,0
DA:297,0
DA:300,0
DA:301,0
DA:302,0
DA:303,0
DA:304,0
DA:308,0
DA:309,0
DA:311,0
DA:313,0
DA:314,0
DA:318,0
DA:319,0
DA:320,0
DA:321,0
DA:322,0
DA:325,0
DA:328,0
DA:331,0
DA:332,0
DA:335,0
DA:338,0
DA:339,0
DA:340,0
DA:341,0
DA:342,0
DA:346,0
DA:349,0
DA:352,0
DA:353,0
DA:355,0
DA:358,0
DA:360,0
DA:362,0
DA:363,0
DA:365,0
DA:367,0
DA:368,0
DA:370,0
DA:372,0
DA:373,0
DA:374,0
DA:377,0
DA:380,0
DA:381,0
DA:382,0
DA:383,0
DA:384,0
DA:387,0
DA:388,0
DA:389,0
DA:390,0
DA:391,0
DA:392,0
DA:393,0
DA:394,0
DA:395,0
DA:397,0
DA:398,0
DA:400,0
DA:402,0
DA:403,0
DA:404,0
DA:407,0
DA:410,0
DA:412,0
DA:413,0
DA:414,0
DA:415,0
DA:416,0
DA:417,0
DA:419,0
DA:421,0
DA:422,0
DA:423,0
DA:424,0
DA:425,0
DA:427,0
DA:430,0
DA:431,0
DA:432,0
DA:433,0
DA:436,0
DA:437,0
DA:438,0
DA:439,0
DA:440,0
DA:441,0
DA:442,0
DA:443,0
DA:444,0
DA:445,0
DA:448,0
DA:449,0
DA:450,0
DA:451,0
DA:454,0
DA:455,0
DA:456,0
DA:457,0
DA:458,0
DA:459,0
DA:460,0
DA:461,0
DA:462,0
DA:463,0
DA:466,0
DA:468,0
DA:470,0
DA:472,0
DA:473,0
DA:475,0
DA:476,0
DA:477,0
DA:478,0
DA:480,0
DA:481,0
DA:485,0
DA:486,0
DA:489,0
DA:490,0
DA:491,0
DA:492,0
DA:494,0
DA:497,0
DA:498,0
DA:499,0
DA:500,0
DA:501,0
DA:502,0
DA:505,0
DA:506,0
DA:507,0
DA:508,0
DA:509,0
DA:510,0
DA:511,0
DA:512,0
DA:514,0
DA:515,0
DA:517,0
DA:519,0
DA:522,0
DA:523,0
DA:524,0
DA:525,0
DA:526,0
DA:527,0
DA:534,0
DA:536,0
DA:537,0
DA:538,0
DA:539,0
DA:541,0
DA:543,0
DA:544,0
DA:545,0
DA:546,0
DA:547,0
DA:549,0
DA:550,0
DA:552,0
DA:559,0
DA:562,0
DA:563,0
DA:567,0
DA:568,0
DA:569,0
DA:570,0
DA:571,0
DA:572,0
DA:573,0
DA:575,0
DA:576,0
DA:577,0
DA:579,0
DA:580,0
DA:582,0
DA:584,0
DA:587,0
DA:592,0
DA:595,0
DA:596,0
DA:598,0
DA:600,0
DA:602,0
DA:603,0
DA:606,0
DA:607,0
DA:608,0
DA:612,0
DA:614,0
DA:616,0
DA:618,0
DA:622,0
DA:623,0
DA:624,0
DA:628,0
DA:629,0
BRF:0
BRH:0
LF:377
LH:0
end_of_record
SF:/home/noah/src/ruchy/src/backend/transpiler/method_call_refactored.rs
FN:19,_RNCNvMNtNtNtCs2RUqfoJCtLU_5ruchy7backend10transpiler22method_call_refactoredNtB6_10Transpiler32transpile_method_call_refactored0Ba_
FN:172,_RNvMNtNtNtCs2RUqfoJCtLU_5ruchy7backend10transpiler22method_call_refactoredNtB4_10Transpiler23transpile_string_method
FN:90,_RNvMNtNtNtCs2RUqfoJCtLU_5ruchy7backend10transpiler22method_call_refactoredNtB4_10Transpiler24transpile_hashmap_method
FN:107,_RNvMNtNtNtCs2RUqfoJCtLU_5ruchy7backend10transpiler22method_call_refactoredNtB4_10Transpiler24transpile_hashset_method
FN:64,_RNvMNtNtNtCs2RUqfoJCtLU_5ruchy7backend10transpiler22method_call_refactoredNtB4_10Transpiler25transpile_iterator_method
FN:136,_RNvMNtNtNtCs2RUqfoJCtLU_5ruchy7backend10transpiler22method_call_refactoredNtB4_10Transpiler28transpile_collection_mutator
FN:147,_RNvMNtNtNtCs2RUqfoJCtLU_5ruchy7backend10transpiler22method_call_refactoredNtB4_10Transpiler29transpile_collection_accessor
FN:12,_RNvMNtNtNtCs2RUqfoJCtLU_5ruchy7backend10transpiler22method_call_refactoredNtB4_10Transpiler32transpile_method_call_refactored
FN:206,_RNvMNtNtNtCs2RUqfoJCtLU_5ruchy7backend10transpiler22method_call_refactoredNtB4_10Transpiler37transpile_dataframe_method_refactored
FNDA:0,_RNCNvMNtNtNtCs2RUqfoJCtLU_5ruchy7backend10transpiler22method_call_refactoredNtB6_10Transpiler32transpile_method_call_refactored0Ba_
FNDA:0,_RNvMNtNtNtCs2RUqfoJCtLU_5ruchy7backend10transpiler22method_call_refactoredNtB4_10Transpiler23transpile_string_method
FNDA:0,_RNvMNtNtNtCs2RUqfoJCtLU_5ruchy7backend10transpiler22method_call_refactoredNtB4_10Transpiler24transpile_hashmap_method
FNDA:0,_RNvMNtNtNtCs2RUqfoJCtLU_5ruchy7backend10transpiler22method_call_refactoredNtB4_10Transpiler24transpile_hashset_method
FNDA:0,_RNvMNtNtNtCs2RUqfoJCtLU_5ruchy7backend10transpiler22method_call_refactoredNtB4_10Transpiler25transpile_iterator_method
FNDA:0,_RNvMNtNtNtCs2RUqfoJCtLU_5ruchy7backend10transpiler22method_call_refactoredNtB4_10Transpiler28transpile_collection_mutator
FNDA:0,_RNvMNtNtNtCs2RUqfoJCtLU_5ruchy7backend10transpiler22method_call_refactoredNtB4_10Transpiler29transpile_collection_accessor
FNDA:0,_RNvMNtNtNtCs2RUqfoJCtLU_5ruchy7backend10transpiler22method_call_refactoredNtB4_10Transpiler32transpile_method_call_refactored
FNDA:0,_RNvMNtNtNtCs2RUqfoJCtLU_5ruchy7backend10transpiler22method_call_refactoredNtB4_10Transpiler37transpile_dataframe_method_refactored
FNF:9
FNH:0
DA:12,0
DA:13,0
DA:14,0
DA:15,0
DA:16,0
DA:17,0
DA:18,0
DA:19,0
DA:20,0
DA:23,0
DA:25,0
DA:26,0
DA:29,0
DA:30,0
DA:33,0
DA:34,0
DA:37,0
DA:38,0
DA:41,0
DA:42,0
DA:45,0
DA:46,0
DA:47,0
DA:50,0
DA:51,0
DA:52,0
DA:53,0
DA:57,0
DA:58,0
DA:61,0
DA:64,0
DA:65,0
DA:66,0
DA:67,0
DA:68,0
DA:69,0
DA:70,0
DA:71,0
DA:72,0
DA:73,0
DA:74,0
DA:75,0
DA:76,0
DA:77,0
DA:78,0
DA:79,0
DA:80,0
DA:82,0
DA:83,0
DA:84,0
DA:85,0
DA:87,0
DA:90,0
DA:91,0
DA:92,0
DA:93,0
DA:94,0
DA:95,0
DA:96,0
DA:97,0
DA:98,0
DA:99,0
DA:100,0
DA:101,0
DA:102,0
DA:104,0
DA:107,0
DA:108,0
DA:109,0
DA:110,0
DA:111,0
DA:112,0
DA:113,0
DA:114,0
DA:115,0
DA:116,0
DA:118,0
DA:119,0
DA:120,0
DA:121,0
DA:122,0
DA:123,0
DA:124,0
DA:125,0
DA:126,0
DA:127,0
DA:128,0
DA:129,0
DA:131,0
DA:133,0
DA:136,0
DA:137,0
DA:138,0
DA:139,0
DA:140,0
DA:141,0
DA:142,0
DA:143,0
DA:144,0
DA:147,0
DA:148,0
DA:149,0
DA:150,0
DA:151,0
DA:152,0
DA:153,0
DA:154,0
DA:155,0
DA:156,0
DA:157,0
DA:158,0
DA:159,0
DA:160,0
DA:162,0
DA:163,0
DA:165,0
DA:166,0
DA:169,0
DA:172,0
DA:173,0
DA:174,0
DA:175,0
DA:176,0
DA:177,0
DA:178,0
DA:179,0
DA:180,0
DA:181,0
DA:182,0
DA:183,0
DA:184,0
DA:185,0
DA:186,0
DA:188,0
DA:191,0
DA:192,0
DA:193,0
DA:194,0
DA:195,0
DA:197,0
DA:198,0
DA:199,0
DA:201,0
DA:203,0
DA:206,0
DA:207,0
DA:208,0
DA:209,0
DA:210,0
DA:211,0
DA:212,0
DA:213,0
DA:214,0
BRF:0
BRH:0
LF:154
LH:0
end_of_record
SF:/home/noah/src/ruchy/src/backend/transpiler/mod.rs
FN:130,_RNCNvMs_NtNtCs2RUqfoJCtLU_5ruchy7backend10transpilerNtB6_10Transpiler28collect_signatures_from_expr0Ba_
FN:563,_RNCNvMs_NtNtCs2RUqfoJCtLU_5ruchy7backend10transpilerNtB6_10Transpiler30transpile_statement_only_blocks_0Ba_
FN:322,_RNCNvMs_NtNtCs2RUqfoJCtLU_5ruchy7backend10transpilerNtB6_10Transpiler16contains_hashmap0Ba_
FN:642,_RNCNvMs_NtNtCs2RUqfoJCtLU_5ruchy7backend10transpilerNtB6_10Transpiler17is_statement_expr0Ba_
FN:550,_RNCNvMs_NtNtCs2RUqfoJCtLU_5ruchy7backend10transpilerNtB6_10Transpiler30transpile_statement_only_block0Ba_
FN:906,_RNvMs_NtNtCs2RUqfoJCtLU_5ruchy7backend10transpilerNtB4_10Transpiler14transpile_expr
FN:152,_RNvMs_NtNtCs2RUqfoJCtLU_5ruchy7backend10transpilerNtB4_10Transpiler14type_to_string
FN:300,_RNvMs_NtNtCs2RUqfoJCtLU_5ruchy7backend10transpilerNtB4_10Transpiler16contains_hashmap
FN:625,_RNvMs_NtNtCs2RUqfoJCtLU_5ruchy7backend10transpilerNtB4_10Transpiler17is_statement_expr
FN:883,_RNvMs_NtNtCs2RUqfoJCtLU_5ruchy7backend10transpilerNtB4_10Transpiler17transpile_minimal
FN:111,_RNvMs_NtNtCs2RUqfoJCtLU_5ruchy7backend10transpilerNtB4_10Transpiler18analyze_mutability
FN:332,_RNvMs_NtNtCs2RUqfoJCtLU_5ruchy7backend10transpilerNtB4_10Transpiler18contains_dataframe
FN:864,_RNvMs_NtNtCs2RUqfoJCtLU_5ruchy7backend10transpilerNtB4_10Transpiler19transpile_to_string
FN:361,_RNvMs_NtNtCs2RUqfoJCtLU_5ruchy7backend10transpilerNtB4_10Transpiler20transpile_to_program
FN:795,_RNvMs_NtNtCs2RUqfoJCtLU_5ruchy7backend10transpilerNtB4_10Transpiler22wrap_statement_in_main
FN:162,_RNvMs_NtNtCs2RUqfoJCtLU_5ruchy7backend10transpilerNtB4_10Transpiler23analyze_expr_mutability
FN:448,_RNvMs_NtNtCs2RUqfoJCtLU_5ruchy7backend10transpilerNtB4_10Transpiler23transpile_program_block
FN:888,_RNvMs_NtNtCs2RUqfoJCtLU_5ruchy7backend10transpilerNtB4_10Transpiler24is_rust_reserved_keyword
FN:400,_RNvMs_NtNtCs2RUqfoJCtLU_5ruchy7backend10transpilerNtB4_10Transpiler25transpile_single_function
FN:746,_RNvMs_NtNtCs2RUqfoJCtLU_5ruchy7backend10transpilerNtB4_10Transpiler26extract_main_function_body
FN:118,_RNvMs_NtNtCs2RUqfoJCtLU_5ruchy7backend10transpilerNtB4_10Transpiler27collect_function_signatures
FN:460,_RNvMs_NtNtCs2RUqfoJCtLU_5ruchy7backend10transpilerNtB4_10Transpiler28categorize_block_expressions
FN:124,_RNvMs_NtNtCs2RUqfoJCtLU_5ruchy7backend10transpilerNtB4_10Transpiler28collect_signatures_from_expr
FN:264,_RNvMs_NtNtCs2RUqfoJCtLU_5ruchy7backend10transpilerNtB4_10Transpiler28resolve_imports_with_context
FN:782,_RNvMs_NtNtCs2RUqfoJCtLU_5ruchy7backend10transpilerNtB4_10Transpiler28transpile_expression_program
FN:514,_RNvMs_NtNtCs2RUqfoJCtLU_5ruchy7backend10transpilerNtB4_10Transpiler28transpile_module_declaration
FN:93,_RNvMs_NtNtCs2RUqfoJCtLU_5ruchy7backend10transpilerNtB4_10Transpiler30generate_value_printing_tokens
FN:755,_RNvMs_NtNtCs2RUqfoJCtLU_5ruchy7backend10transpilerNtB4_10Transpiler30transpile_block_with_functions
FN:548,_RNvMs_NtNtCs2RUqfoJCtLU_5ruchy7backend10transpilerNtB4_10Transpiler30transpile_statement_only_block
FN:78,_RNvMs_NtNtCs2RUqfoJCtLU_5ruchy7backend10transpilerNtB4_10Transpiler31generate_result_printing_tokens
FN:381,_RNvMs_NtNtCs2RUqfoJCtLU_5ruchy7backend10transpilerNtB4_10Transpiler33transpile_to_program_with_context
FN:825,_RNvMs_NtNtCs2RUqfoJCtLU_5ruchy7backend10transpilerNtB4_10Transpiler33wrap_in_main_with_result_printing
FN:648,_RNvMs_NtNtCs2RUqfoJCtLU_5ruchy7backend10transpilerNtB4_10Transpiler34transpile_block_with_main_function
FN:68,_RNvMs_NtNtCs2RUqfoJCtLU_5ruchy7backend10transpilerNtB4_10Transpiler3new
FN:295,_RNvMs_NtNtCs2RUqfoJCtLU_5ruchy7backend10transpilerNtB4_10Transpiler9transpile
FN:52,_RNvXNtNtCs2RUqfoJCtLU_5ruchy7backend10transpilerNtB2_10TranspilerNtNtCs66KPHxksi63_4core7default7Default7default
FN:257,_RNvMs_NtNtCs2RUqfoJCtLU_5ruchy7backend10transpilerNtB4_10Transpiler15resolve_imports
FNDA:0,_RNCNvMs_NtNtCs2RUqfoJCtLU_5ruchy7backend10transpilerNtB6_10Transpiler28collect_signatures_from_expr0Ba_
FNDA:0,_RNCNvMs_NtNtCs2RUqfoJCtLU_5ruchy7backend10transpilerNtB6_10Transpiler30transpile_statement_only_blocks_0Ba_
FNDA:0,_RNCNvMs_NtNtCs2RUqfoJCtLU_5ruchy7backend10transpilerNtB6_10Transpiler16contains_hashmap0Ba_
FNDA:0,_RNCNvMs_NtNtCs2RUqfoJCtLU_5ruchy7backend10transpilerNtB6_10Transpiler17is_statement_expr0Ba_
FNDA:0,_RNCNvMs_NtNtCs2RUqfoJCtLU_5ruchy7backend10transpilerNtB6_10Transpiler30transpile_statement_only_block0Ba_
FNDA:0,_RNvMs_NtNtCs2RUqfoJCtLU_5ruchy7backend10transpilerNtB4_10Transpiler14transpile_expr
FNDA:0,_RNvMs_NtNtCs2RUqfoJCtLU_5ruchy7backend10transpilerNtB4_10Transpiler14type_to_string
FNDA:0,_RNvMs_NtNtCs2RUqfoJCtLU_5ruchy7backend10transpilerNtB4_10Transpiler16contains_hashmap
FNDA:0,_RNvMs_NtNtCs2RUqfoJCtLU_5ruchy7backend10transpilerNtB4_10Transpiler17is_statement_expr
FNDA:0,_RNvMs_NtNtCs2RUqfoJCtLU_5ruchy7backend10transpilerNtB4_10Transpiler17transpile_minimal
FNDA:0,_RNvMs_NtNtCs2RUqfoJCtLU_5ruchy7backend10transpilerNtB4_10Transpiler18analyze_mutability
FNDA:0,_RNvMs_NtNtCs2RUqfoJCtLU_5ruchy7backend10transpilerNtB4_10Transpiler18contains_dataframe
FNDA:0,_RNvMs_NtNtCs2RUqfoJCtLU_5ruchy7backend10transpilerNtB4_10Transpiler19transpile_to_string
FNDA:0,_RNvMs_NtNtCs2RUqfoJCtLU_5ruchy7backend10transpilerNtB4_10Transpiler20transpile_to_program
FNDA:0,_RNvMs_NtNtCs2RUqfoJCtLU_5ruchy7backend10transpilerNtB4_10Transpiler22wrap_statement_in_main
FNDA:0,_RNvMs_NtNtCs2RUqfoJCtLU_5ruchy7backend10transpilerNtB4_10Transpiler23analyze_expr_mutability
FNDA:0,_RNvMs_NtNtCs2RUqfoJCtLU_5ruchy7backend10transpilerNtB4_10Transpiler23transpile_program_block
FNDA:0,_RNvMs_NtNtCs2RUqfoJCtLU_5ruchy7backend10transpilerNtB4_10Transpiler24is_rust_reserved_keyword
FNDA:0,_RNvMs_NtNtCs2RUqfoJCtLU_5ruchy7backend10transpilerNtB4_10Transpiler25transpile_single_function
FNDA:0,_RNvMs_NtNtCs2RUqfoJCtLU_5ruchy7backend10transpilerNtB4_10Transpiler26extract_main_function_body
FNDA:0,_RNvMs_NtNtCs2RUqfoJCtLU_5ruchy7backend10transpilerNtB4_10Transpiler27collect_function_signatures
FNDA:0,_RNvMs_NtNtCs2RUqfoJCtLU_5ruchy7backend10transpilerNtB4_10Transpiler28categorize_block_expressions
FNDA:0,_RNvMs_NtNtCs2RUqfoJCtLU_5ruchy7backend10transpilerNtB4_10Transpiler28collect_signatures_from_expr
FNDA:0,_RNvMs_NtNtCs2RUqfoJCtLU_5ruchy7backend10transpilerNtB4_10Transpiler28resolve_imports_with_context
FNDA:0,_RNvMs_NtNtCs2RUqfoJCtLU_5ruchy7backend10transpilerNtB4_10Transpiler28transpile_expression_program
FNDA:0,_RNvMs_NtNtCs2RUqfoJCtLU_5ruchy7backend10transpilerNtB4_10Transpiler28transpile_module_declaration
FNDA:0,_RNvMs_NtNtCs2RUqfoJCtLU_5ruchy7backend10transpilerNtB4_10Transpiler30generate_value_printing_tokens
FNDA:0,_RNvMs_NtNtCs2RUqfoJCtLU_5ruchy7backend10transpilerNtB4_10Transpiler30transpile_block_with_functions
FNDA:0,_RNvMs_NtNtCs2RUqfoJCtLU_5ruchy7backend10transpilerNtB4_10Transpiler30transpile_statement_only_block
FNDA:0,_RNvMs_NtNtCs2RUqfoJCtLU_5ruchy7backend10transpilerNtB4_10Transpiler31generate_result_printing_tokens
FNDA:0,_RNvMs_NtNtCs2RUqfoJCtLU_5ruchy7backend10transpilerNtB4_10Transpiler33transpile_to_program_with_context
FNDA:0,_RNvMs_NtNtCs2RUqfoJCtLU_5ruchy7backend10transpilerNtB4_10Transpiler33wrap_in_main_with_result_printing
FNDA:0,_RNvMs_NtNtCs2RUqfoJCtLU_5ruchy7backend10transpilerNtB4_10Transpiler34transpile_block_with_main_function
FNDA:35,_RNvMs_NtNtCs2RUqfoJCtLU_5ruchy7backend10transpilerNtB4_10Transpiler3new
FNDA:0,_RNvMs_NtNtCs2RUqfoJCtLU_5ruchy7backend10transpilerNtB4_10Transpiler9transpile
FNDA:0,_RNvXNtNtCs2RUqfoJCtLU_5ruchy7backend10transpilerNtB2_10TranspilerNtNtCs66KPHxksi63_4core7default7Default7default
FNDA:0,_RNvMs_NtNtCs2RUqfoJCtLU_5ruchy7backend10transpilerNtB4_10Transpiler15resolve_imports
FNF:37
FNH:1
DA:52,0
DA:53,0
DA:54,0
DA:68,35
DA:69,35
DA:70,35
DA:71,35
DA:72,35
DA:73,35
DA:74,35
DA:78,0
DA:79,0
DA:90,0
DA:93,0
DA:94,0
DA:108,0
DA:111,0
DA:112,0
DA:113,0
DA:114,0
DA:115,0
DA:118,0
DA:119,0
DA:120,0
DA:121,0
DA:122,0
DA:124,0
DA:127,0
DA:128,0
DA:129,0
DA:130,0
DA:131,0
DA:133,0
DA:134,0
DA:135,0
DA:136,0
DA:138,0
DA:140,0
DA:141,0
DA:142,0
DA:143,0
DA:145,0
DA:146,0
DA:147,0
DA:148,0
DA:150,0
DA:152,0
DA:155,0
DA:156,0
DA:157,0
DA:158,0
DA:160,0
DA:162,0
DA:165,0
DA:167,0
DA:168,0
DA:169,0
DA:170,0
DA:171,0
DA:174,0
DA:175,0
DA:176,0
DA:177,0
DA:178,0
DA:181,0
DA:182,0
DA:183,0
DA:184,0
DA:185,0
DA:186,0
DA:187,0
DA:190,0
DA:191,0
DA:192,0
DA:193,0
DA:196,0
DA:197,0
DA:198,0
DA:199,0
DA:200,0
DA:201,0
DA:203,0
DA:204,0
DA:205,0
DA:206,0
DA:207,0
DA:208,0
DA:209,0
DA:210,0
DA:212,0
DA:213,0
DA:214,0
DA:215,0
DA:216,0
DA:219,0
DA:220,0
DA:221,0
DA:222,0
DA:224,0
DA:225,0
DA:226,0
DA:227,0
DA:228,0
DA:229,0
DA:231,0
DA:232,0
DA:233,0
DA:234,0
DA:235,0
DA:236,0
DA:237,0
DA:239,0
DA:240,0
DA:241,0
DA:242,0
DA:243,0
DA:245,0
DA:246,0
DA:247,0
DA:248,0
DA:249,0
DA:251,0
DA:253,0
DA:257,0
DA:259,0
DA:260,0
DA:261,0
DA:264,0
DA:265,0
DA:268,0
DA:269,0
DA:270,0
DA:271,0
DA:272,0
DA:274,0
DA:275,0
DA:295,0
DA:296,0
DA:297,0
DA:300,0
DA:303,0
DA:304,0
DA:305,0
DA:307,0
DA:308,0
DA:310,0
DA:313,0
DA:315,0
DA:317,0
DA:318,0
DA:319,0
DA:320,0
DA:321,0
DA:322,0
DA:324,0
DA:325,0
DA:327,0
DA:329,0
DA:332,0
DA:333,0
DA:334,0
DA:337,0
DA:361,0
DA:363,0
DA:364,0
DA:365,0
DA:366,0
DA:367,0
DA:368,0
DA:369,0
DA:371,0
DA:372,0
DA:373,0
DA:374,0
DA:375,0
DA:376,0
DA:377,0
DA:378,0
DA:381,0
DA:383,0
DA:384,0
DA:385,0
DA:387,0
DA:388,0
DA:389,0
DA:391,0
DA:392,0
DA:395,0
DA:398,0
DA:400,0
DA:402,0
DA:403,0
DA:404,0
DA:406,0
DA:408,0
DA:409,0
DA:410,0
DA:411,0
DA:412,0
DA:413,0
DA:414,0
DA:415,0
DA:416,0
DA:417,0
DA:418,0
DA:419,0
DA:420,0
DA:421,0
DA:422,0
DA:423,0
DA:424,0
DA:425,0
DA:426,0
DA:427,0
DA:428,0
DA:429,0
DA:430,0
DA:431,0
DA:432,0
DA:433,0
DA:434,0
DA:435,0
DA:436,0
DA:437,0
DA:438,0
DA:439,0
DA:440,0
DA:441,0
DA:442,0
DA:443,0
DA:444,0
DA:446,0
DA:448,0
DA:449,0
DA:451,0
DA:452,0
DA:453,0
DA:454,0
DA:456,0
DA:458,0
DA:460,0
DA:461,0
DA:462,0
DA:463,0
DA:464,0
DA:465,0
DA:468,0
DA:469,0
DA:470,0
DA:471,0
DA:472,0
DA:473,0
DA:474,0
DA:476,0
DA:479,0
DA:481,0
DA:483,0
DA:485,0
DA:486,0
DA:487,0
DA:489,0
DA:490,0
DA:491,0
DA:492,0
DA:495,0
DA:499,0
DA:501,0
DA:502,0
DA:503,0
DA:504,0
DA:505,0
DA:506,0
DA:511,0
DA:512,0
DA:514,0
DA:515,0
DA:518,0
DA:520,0
DA:522,0
DA:523,0
DA:526,0
DA:530,0
DA:535,0
DA:538,0
DA:541,0
DA:542,0
DA:543,0
DA:544,0
DA:545,0
DA:546,0
DA:548,0
DA:550,0
DA:552,0
DA:554,0
DA:556,0
DA:559,0
DA:563,0
DA:564,0
DA:565,0
DA:567,0
DA:568,0
DA:571,0
DA:573,0
DA:574,0
DA:577,0
DA:578,0
DA:579,0
DA:580,0
DA:586,0
DA:591,0
DA:592,0
DA:593,0
DA:594,0
DA:595,0
DA:596,0
DA:597,0
DA:598,0
DA:599,0
DA:600,0
DA:601,0
DA:602,0
DA:603,0
DA:604,0
DA:605,0
DA:606,0
DA:607,0
DA:608,0
DA:609,0
DA:610,0
DA:611,0
DA:612,0
DA:613,0
DA:614,0
DA:615,0
DA:619,0
DA:620,0
DA:621,0
DA:623,0
DA:625,0
DA:626,0
DA:628,0
DA:630,0
DA:632,0
DA:634,0
DA:635,0
DA:636,0
DA:638,0
DA:642,0
DA:644,0
DA:646,0
DA:648,0
DA:649,0
DA:651,0
DA:652,0
DA:654,0
DA:657,0
DA:658,0
DA:665,0
DA:671,0
DA:677,0
DA:685,0
DA:686,0
DA:689,0
DA:692,0
DA:693,0
DA:706,0
DA:718,0
DA:730,0
DA:743,0
DA:746,0
DA:747,0
DA:749,0
DA:751,0
DA:753,0
DA:755,0
DA:757,0
DA:758,0
DA:764,0
DA:769,0
DA:774,0
DA:779,0
DA:782,0
DA:783,0
DA:786,0
DA:788,0
DA:791,0
DA:793,0
DA:795,0
DA:797,0
DA:798,0
DA:799,0
DA:800,0
DA:801,0
DA:802,0
DA:803,0
DA:804,0
DA:805,0
DA:806,0
DA:807,0
DA:808,0
DA:809,0
DA:810,0
DA:811,0
DA:812,0
DA:813,0
DA:814,0
DA:815,0
DA:816,0
DA:817,0
DA:818,0
DA:819,0
DA:820,0
DA:821,0
DA:823,0
DA:825,0
DA:826,0
DA:827,0
DA:828,0
DA:829,0
DA:830,0
DA:831,0
DA:832,0
DA:833,0
DA:834,0
DA:835,0
DA:836,0
DA:837,0
DA:838,0
DA:839,0
DA:840,0
DA:841,0
DA:842,0
DA:844,0
DA:845,0
DA:846,0
DA:847,0
DA:848,0
DA:849,0
DA:850,0
DA:853,0
DA:854,0
DA:855,0
DA:856,0
DA:857,0
DA:858,0
DA:861,0
DA:864,0
DA:865,0
DA:868,0
DA:869,0
DA:872,0
DA:873,0
DA:874,0
DA:875,0
DA:876,0
DA:879,0
DA:880,0
DA:883,0
DA:884,0
DA:885,0
DA:888,0
DA:890,0
DA:891,0
DA:892,0
DA:893,0
DA:894,0
DA:895,0
DA:896,0
DA:897,0
DA:899,0
DA:906,0
DA:916,0
DA:919,0
DA:936,0
DA:940,0
DA:946,0
DA:961,0
DA:964,0
DA:967,0
DA:969,0
BRF:0
BRH:0
LF:486
LH:7
end_of_record
SF:/home/noah/src/ruchy/src/backend/transpiler/patterns.rs
FN:106,_RNCNvMNtNtNtCs2RUqfoJCtLU_5ruchy7backend10transpiler8patternsNtB6_10Transpiler17transpile_pattern0Ba_
FN:139,_RNCNvMNtNtNtCs2RUqfoJCtLU_5ruchy7backend10transpiler8patternsNtB6_10Transpiler17transpile_patterns1_0Ba_
FN:160,_RNCNvMNtNtNtCs2RUqfoJCtLU_5ruchy7backend10transpiler8patternsNtB6_10Transpiler17transpile_patterns2_0Ba_
FN:181,_RNCNvMNtNtNtCs2RUqfoJCtLU_5ruchy7backend10transpiler8patternsNtB6_10Transpiler17transpile_patterns3_0Ba_
FN:111,_RNCNvMNtNtNtCs2RUqfoJCtLU_5ruchy7backend10transpiler8patternsNtB6_10Transpiler17transpile_patterns_0Ba_
FN:120,_RNCNvMNtNtNtCs2RUqfoJCtLU_5ruchy7backend10transpiler8patternsNtB6_10Transpiler17transpile_patterns0_0Ba_
FN:30,_RNvMNtNtNtCs2RUqfoJCtLU_5ruchy7backend10transpiler8patternsNtB4_10Transpiler15transpile_match
FN:96,_RNvMNtNtNtCs2RUqfoJCtLU_5ruchy7backend10transpiler8patternsNtB4_10Transpiler17transpile_pattern
FNDA:0,_RNCNvMNtNtNtCs2RUqfoJCtLU_5ruchy7backend10transpiler8patternsNtB6_10Transpiler17transpile_pattern0Ba_
FNDA:0,_RNCNvMNtNtNtCs2RUqfoJCtLU_5ruchy7backend10transpiler8patternsNtB6_10Transpiler17transpile_patterns1_0Ba_
FNDA:0,_RNCNvMNtNtNtCs2RUqfoJCtLU_5ruchy7backend10transpiler8patternsNtB6_10Transpiler17transpile_patterns2_0Ba_
FNDA:0,_RNCNvMNtNtNtCs2RUqfoJCtLU_5ruchy7backend10transpiler8patternsNtB6_10Transpiler17transpile_patterns3_0Ba_
FNDA:0,_RNCNvMNtNtNtCs2RUqfoJCtLU_5ruchy7backend10transpiler8patternsNtB6_10Transpiler17transpile_patterns_0Ba_
FNDA:0,_RNCNvMNtNtNtCs2RUqfoJCtLU_5ruchy7backend10transpiler8patternsNtB6_10Transpiler17transpile_patterns0_0Ba_
FNDA:0,_RNvMNtNtNtCs2RUqfoJCtLU_5ruchy7backend10transpiler8patternsNtB4_10Transpiler15transpile_match
FNDA:0,_RNvMNtNtNtCs2RUqfoJCtLU_5ruchy7backend10transpiler8patternsNtB4_10Transpiler17transpile_pattern
FNF:8
FNH:0
DA:30,0
DA:31,0
DA:33,0
DA:34,0
DA:35,0
DA:36,0
DA:39,0
DA:40,0
DA:41,0
DA:44,0
DA:45,0
DA:46,0
DA:47,0
DA:48,0
DA:51,0
DA:56,0
DA:96,0
DA:97,0
DA:98,0
DA:99,0
DA:100,0
DA:101,0
DA:102,0
DA:104,0
DA:106,0
DA:107,0
DA:109,0
DA:110,0
DA:111,0
DA:112,0
DA:113,0
DA:115,0
DA:116,0
DA:117,0
DA:120,0
DA:122,0
DA:124,0
DA:125,0
DA:126,0
DA:127,0
DA:128,0
DA:129,0
DA:130,0
DA:131,0
DA:132,0
DA:135,0
DA:138,0
DA:139,0
DA:140,0
DA:141,0
DA:145,0
DA:147,0
DA:150,0
DA:151,0
DA:153,0
DA:155,0
DA:156,0
DA:158,0
DA:159,0
DA:160,0
DA:161,0
DA:162,0
DA:163,0
DA:164,0
DA:167,0
DA:169,0
DA:170,0
DA:171,0
DA:172,0
DA:173,0
DA:175,0
DA:179,0
DA:180,0
DA:181,0
DA:182,0
DA:185,0
DA:186,0
DA:187,0
DA:188,0
DA:189,0
DA:190,0
DA:192,0
DA:195,0
DA:196,0
DA:197,0
DA:199,0
DA:200,0
DA:202,0
DA:203,0
DA:205,0
DA:208,0
DA:209,0
DA:210,0
DA:211,0
DA:213,0
DA:214,0
DA:215,0
DA:217,0
DA:218,0
DA:219,0
DA:221,0
DA:222,0
DA:223,0
DA:225,0
DA:226,0
DA:229,0
DA:232,0
BRF:0
BRH:0
LF:113
LH:0
end_of_record
SF:/home/noah/src/ruchy/src/backend/transpiler/result_type.rs
FN:190,_RNCNvMNtNtNtCs2RUqfoJCtLU_5ruchy7backend10transpiler11result_typeNtB6_10Transpiler20transpile_error_type0Ba_
FN:178,_RNvMNtNtNtCs2RUqfoJCtLU_5ruchy7backend10transpiler11result_typeNtB4_10Transpiler20transpile_error_type
FN:168,_RNvMNtNtNtCs2RUqfoJCtLU_5ruchy7backend10transpiler11result_typeNtB4_10Transpiler20transpile_result_map
FN:142,_RNvMNtNtNtCs2RUqfoJCtLU_5ruchy7backend10transpiler11result_typeNtB4_10Transpiler22transpile_result_chain
FN:100,_RNvMNtNtNtCs2RUqfoJCtLU_5ruchy7backend10transpiler11result_typeNtB4_10Transpiler22transpile_result_match
FN:31,_RNvMNtNtNtCs2RUqfoJCtLU_5ruchy7backend10transpiler11result_typeNtB4_10Transpiler23generate_result_helpers
FN:158,_RNvMNtNtNtCs2RUqfoJCtLU_5ruchy7backend10transpiler11result_typeNtB4_10Transpiler26transpile_result_unwrap_or
FNDA:0,_RNCNvMNtNtNtCs2RUqfoJCtLU_5ruchy7backend10transpiler11result_typeNtB6_10Transpiler20transpile_error_type0Ba_
FNDA:0,_RNvMNtNtNtCs2RUqfoJCtLU_5ruchy7backend10transpiler11result_typeNtB4_10Transpiler20transpile_error_type
FNDA:0,_RNvMNtNtNtCs2RUqfoJCtLU_5ruchy7backend10transpiler11result_typeNtB4_10Transpiler20transpile_result_map
FNDA:0,_RNvMNtNtNtCs2RUqfoJCtLU_5ruchy7backend10transpiler11result_typeNtB4_10Transpiler22transpile_result_chain
FNDA:0,_RNvMNtNtNtCs2RUqfoJCtLU_5ruchy7backend10transpiler11result_typeNtB4_10Transpiler22transpile_result_match
FNDA:0,_RNvMNtNtNtCs2RUqfoJCtLU_5ruchy7backend10transpiler11result_typeNtB4_10Transpiler23generate_result_helpers
FNDA:0,_RNvMNtNtNtCs2RUqfoJCtLU_5ruchy7backend10transpiler11result_typeNtB4_10Transpiler26transpile_result_unwrap_or
FNF:7
FNH:0
DA:31,0
DA:32,0
DA:82,0
DA:100,0
DA:101,0
DA:102,0
DA:103,0
DA:104,0
DA:105,0
DA:106,0
DA:108,0
DA:109,0
DA:110,0
DA:111,0
DA:112,0
DA:113,0
DA:115,0
DA:117,0
DA:120,0
DA:125,0
DA:142,0
DA:143,0
DA:144,0
DA:145,0
DA:147,0
DA:149,0
DA:150,0
DA:151,0
DA:154,0
DA:155,0
DA:158,0
DA:159,0
DA:160,0
DA:162,0
DA:163,0
DA:164,0
DA:165,0
DA:168,0
DA:169,0
DA:170,0
DA:172,0
DA:173,0
DA:174,0
DA:175,0
DA:178,0
DA:179,0
DA:180,0
DA:181,0
DA:182,0
DA:183,0
DA:184,0
DA:186,0
DA:187,0
DA:188,0
DA:190,0
DA:192,0
DA:193,0
DA:194,0
DA:196,0
DA:198,0
DA:201,0
DA:215,0
BRF:0
BRH:0
LF:63
LH:0
end_of_record
SF:/home/noah/src/ruchy/src/backend/transpiler/statements.rs
FN:504,_RNCNCNCNvMNtNtNtCs2RUqfoJCtLU_5ruchy7backend10transpiler10statementsNtBa_10Transpiler27generate_function_signature000Be_
FN:466,_RNCNCNvMNtNtNtCs2RUqfoJCtLU_5ruchy7backend10transpiler10statementsNtB8_10Transpiler26generate_type_param_tokens00Bc_
FN:504,_RNCNCNvMNtNtNtCs2RUqfoJCtLU_5ruchy7backend10transpiler10statementsNtB8_10Transpiler27generate_function_signature00Bc_
FN:1918,_RNCNvMNtNtNtCs2RUqfoJCtLU_5ruchy7backend10transpiler10statementsNtB6_10Transpiler16transpile_export0Ba_
FN:582,_RNCNvMNtNtNtCs2RUqfoJCtLU_5ruchy7backend10transpiler10statementsNtB6_10Transpiler16transpile_lambda0Ba_
FN:1052,_RNCNvMNtNtNtCs2RUqfoJCtLU_5ruchy7backend10transpiler10statementsNtB6_10Transpiler18transpile_pipeline0Ba_
FN:1061,_RNCNvMNtNtNtCs2RUqfoJCtLU_5ruchy7backend10transpiler10statementsNtB6_10Transpiler18transpile_pipelines_0Ba_
FN:1902,_RNCNvMNtNtNtCs2RUqfoJCtLU_5ruchy7backend10transpiler10statementsNtB6_10Transpiler20process_import_items0Ba_
FN:369,_RNCNvMNtNtNtCs2RUqfoJCtLU_5ruchy7backend10transpiler10statementsNtB6_10Transpiler21generate_param_tokens0Ba_
FN:771,_RNCNvMNtNtNtCs2RUqfoJCtLU_5ruchy7backend10transpiler10statementsNtB6_10Transpiler25transpile_method_call_old0Ba_
FN:1973,_RNCNvMNtNtNtCs2RUqfoJCtLU_5ruchy7backend10transpiler10statementsNtB6_10Transpiler25try_transpile_print_macro0Ba_
FN:463,_RNCNvMNtNtNtCs2RUqfoJCtLU_5ruchy7backend10transpiler10statementsNtB6_10Transpiler26generate_type_param_tokens0Ba_
FN:498,_RNCNvMNtNtNtCs2RUqfoJCtLU_5ruchy7backend10transpiler10statementsNtB6_10Transpiler27generate_function_signature0Ba_
FN:1990,_RNCNvMNtNtNtCs2RUqfoJCtLU_5ruchy7backend10transpiler10statementsNtB6_10Transpiler29transpile_print_multiple_args0Ba_
FN:2034,_RNCNvMNtNtNtCs2RUqfoJCtLU_5ruchy7backend10transpiler10statementsNtB6_10Transpiler29transpile_print_multiple_argss0_0Ba_
FN:2023,_RNCNvMNtNtNtCs2RUqfoJCtLU_5ruchy7backend10transpiler10statementsNtB6_10Transpiler29transpile_print_multiple_argss_0Ba_
FN:2559,_RNCNvMNtNtNtCs2RUqfoJCtLU_5ruchy7backend10transpiler10statementsNtB6_10Transpiler31transpile_regular_function_call0Ba_
FN:2571,_RNCNvMNtNtNtCs2RUqfoJCtLU_5ruchy7backend10transpiler10statementsNtB6_10Transpiler31transpile_regular_function_calls_0Ba_
FN:599,_RNCNvMNtNtNtCs2RUqfoJCtLU_5ruchy7backend10transpiler10statementsNtB6_10Transpiler16transpile_lambdas_0Ba_
FN:320,_RNCNvMNtNtNtCs2RUqfoJCtLU_5ruchy7backend10transpiler10statementsNtB6_10Transpiler18is_void_expression0Ba_
FN:331,_RNCNvMNtNtNtCs2RUqfoJCtLU_5ruchy7backend10transpiler10statementsNtB6_10Transpiler18is_void_expressions0_0Ba_
FN:326,_RNCNvMNtNtNtCs2RUqfoJCtLU_5ruchy7backend10transpiler10statementsNtB6_10Transpiler18is_void_expressions_0Ba_
FN:555,_RNCNvMNtNtNtCs2RUqfoJCtLU_5ruchy7backend10transpiler10statementsNtB6_10Transpiler18transpile_function0Ba_
FN:51,_RNCNvMNtNtNtCs2RUqfoJCtLU_5ruchy7backend10transpiler10statementsNtB6_10Transpiler19is_variable_mutated0Ba_
FN:71,_RNCNvMNtNtNtCs2RUqfoJCtLU_5ruchy7backend10transpiler10statementsNtB6_10Transpiler19is_variable_mutateds0_0Ba_
FN:97,_RNCNvMNtNtNtCs2RUqfoJCtLU_5ruchy7backend10transpiler10statementsNtB6_10Transpiler19is_variable_mutateds1_0Ba_
FN:101,_RNCNvMNtNtNtCs2RUqfoJCtLU_5ruchy7backend10transpiler10statementsNtB6_10Transpiler19is_variable_mutateds2_0Ba_
FN:57,_RNCNvMNtNtNtCs2RUqfoJCtLU_5ruchy7backend10transpiler10statementsNtB6_10Transpiler19is_variable_mutateds_0Ba_
FN:1391,_RNCNvMNtNtNtCs2RUqfoJCtLU_5ruchy7backend10transpiler10statementsNtB6_10Transpiler33transpile_std_fs_import_with_path0Ba_
FN:109,_RNvMNtNtNtCs2RUqfoJCtLU_5ruchy7backend10transpiler10statementsNtB4_10Transpiler12transpile_if
FN:2084,_RNvMNtNtNtCs2RUqfoJCtLU_5ruchy7backend10transpiler10statementsNtB4_10Transpiler13transpile_abs
FN:1078,_RNvMNtNtNtCs2RUqfoJCtLU_5ruchy7backend10transpiler10statementsNtB4_10Transpiler13transpile_for
FN:137,_RNvMNtNtNtCs2RUqfoJCtLU_5ruchy7backend10transpiler10statementsNtB4_10Transpiler13transpile_let
FN:2109,_RNvMNtNtNtCs2RUqfoJCtLU_5ruchy7backend10transpiler10statementsNtB4_10Transpiler13transpile_max
FN:2096,_RNvMNtNtNtCs2RUqfoJCtLU_5ruchy7backend10transpiler10statementsNtB4_10Transpiler13transpile_min
FN:2078,_RNvMNtNtNtCs2RUqfoJCtLU_5ruchy7backend10transpiler10statementsNtB4_10Transpiler13transpile_pow
FN:1846,_RNvMNtNtNtCs2RUqfoJCtLU_5ruchy7backend10transpiler10statementsNtB4_10Transpiler14path_to_tokens
FN:639,_RNvMNtNtNtCs2RUqfoJCtLU_5ruchy7backend10transpiler10statementsNtB4_10Transpiler14transpile_call
FN:2127,_RNvMNtNtNtCs2RUqfoJCtLU_5ruchy7backend10transpiler10statementsNtB4_10Transpiler14transpile_ceil
FN:1161,_RNvMNtNtNtCs2RUqfoJCtLU_5ruchy7backend10transpiler10statementsNtB4_10Transpiler14transpile_loop
FN:2073,_RNvMNtNtNtCs2RUqfoJCtLU_5ruchy7backend10transpiler10statementsNtB4_10Transpiler14transpile_sqrt
FN:1013,_RNvMNtNtNtCs2RUqfoJCtLU_5ruchy7backend10transpiler10statementsNtB4_10Transpiler15transpile_block
FN:2122,_RNvMNtNtNtCs2RUqfoJCtLU_5ruchy7backend10transpiler10statementsNtB4_10Transpiler15transpile_floor
FN:2132,_RNvMNtNtNtCs2RUqfoJCtLU_5ruchy7backend10transpiler10statementsNtB4_10Transpiler15transpile_round
FN:1102,_RNvMNtNtNtCs2RUqfoJCtLU_5ruchy7backend10transpiler10statementsNtB4_10Transpiler15transpile_while
FN:351,_RNvMNtNtNtCs2RUqfoJCtLU_5ruchy7backend10transpiler10statementsNtB4_10Transpiler16infer_param_type
FN:1917,_RNvMNtNtNtCs2RUqfoJCtLU_5ruchy7backend10transpiler10statementsNtB4_10Transpiler16transpile_export
FN:1114,_RNvMNtNtNtCs2RUqfoJCtLU_5ruchy7backend10transpiler10statementsNtB4_10Transpiler16transpile_if_let
FN:1273,_RNvMNtNtNtCs2RUqfoJCtLU_5ruchy7backend10transpiler10statementsNtB4_10Transpiler16transpile_import
FN:579,_RNvMNtNtNtCs2RUqfoJCtLU_5ruchy7backend10transpiler10statementsNtB4_10Transpiler16transpile_lambda
FN:1260,_RNvMNtNtNtCs2RUqfoJCtLU_5ruchy7backend10transpiler10statementsNtB4_10Transpiler16transpile_module
FN:297,_RNvMNtNtNtCs2RUqfoJCtLU_5ruchy7backend10transpiler10statementsNtB4_10Transpiler18is_void_expression
FN:539,_RNvMNtNtNtCs2RUqfoJCtLU_5ruchy7backend10transpiler10statementsNtB4_10Transpiler18transpile_function
FN:1040,_RNvMNtNtNtCs2RUqfoJCtLU_5ruchy7backend10transpiler10statementsNtB4_10Transpiler18transpile_pipeline
FN:15,_RNvMNtNtNtCs2RUqfoJCtLU_5ruchy7backend10transpiler10statementsNtB4_10Transpiler19is_variable_mutated
FN:1172,_RNvMNtNtNtCs2RUqfoJCtLU_5ruchy7backend10transpiler10statementsNtB4_10Transpiler19transpile_try_catch
FN:1144,_RNvMNtNtNtCs2RUqfoJCtLU_5ruchy7backend10transpiler10statementsNtB4_10Transpiler19transpile_while_let
FN:408,_RNvMNtNtNtCs2RUqfoJCtLU_5ruchy7backend10transpiler10statementsNtB4_10Transpiler20generate_body_tokens
FN:1899,_RNvMNtNtNtCs2RUqfoJCtLU_5ruchy7backend10transpiler10statementsNtB4_10Transpiler20process_import_items
FN:2579,_RNvMNtNtNtCs2RUqfoJCtLU_5ruchy7backend10transpiler10statementsNtB4_10Transpiler21apply_string_coercion
FN:366,_RNvMNtNtNtCs2RUqfoJCtLU_5ruchy7backend10transpiler10statementsNtB4_10Transpiler21generate_param_tokens
FN:1832,_RNvMNtNtNtCs2RUqfoJCtLU_5ruchy7backend10transpiler10statementsNtB4_10Transpiler21handle_generic_import
FN:274,_RNvMNtNtNtCs2RUqfoJCtLU_5ruchy7backend10transpiler10statementsNtB4_10Transpiler21is_void_function_call
FN:2278,_RNvMNtNtNtCs2RUqfoJCtLU_5ruchy7backend10transpiler10statementsNtB4_10Transpiler21transpile_int_generic
FN:238,_RNvMNtNtNtCs2RUqfoJCtLU_5ruchy7backend10transpiler10statementsNtB4_10Transpiler21transpile_let_pattern
FN:734,_RNvMNtNtNtCs2RUqfoJCtLU_5ruchy7backend10transpiler10statementsNtB4_10Transpiler21transpile_method_call
FN:343,_RNvMNtNtNtCs2RUqfoJCtLU_5ruchy7backend10transpiler10statementsNtB4_10Transpiler23has_non_unit_expression
FN:2312,_RNvMNtNtNtCs2RUqfoJCtLU_5ruchy7backend10transpiler10statementsNtB4_10Transpiler23transpile_float_generic
FN:1783,_RNvMNtNtNtCs2RUqfoJCtLU_5ruchy7backend10transpiler10statementsNtB4_10Transpiler23transpile_import_inline
FN:1794,_RNvMNtNtNtCs2RUqfoJCtLU_5ruchy7backend10transpiler10statementsNtB4_10Transpiler24handle_std_module_import
FN:2246,_RNvMNtNtNtCs2RUqfoJCtLU_5ruchy7backend10transpiler10statementsNtB4_10Transpiler24transpile_int_conversion
FN:888,_RNvMNtNtNtCs2RUqfoJCtLU_5ruchy7backend10transpiler10statementsNtB4_10Transpiler24transpile_set_operations
FN:1561,_RNvMNtNtNtCs2RUqfoJCtLU_5ruchy7backend10transpiler10statementsNtB4_10Transpiler24transpile_std_mem_import
[...]
FNDA:0,_RNCNvMNtNtCs2RUqfoJCtLU_5ruchy4wasm8notebookNtB4_15NotebookRuntime9get_cells0B8_
FNDA:0,_RNvMNtNtCs2RUqfoJCtLU_5ruchy4wasm8notebookNtB2_15NotebookRuntime12execute_cell
FNDA:0,_RNvMNtNtCs2RUqfoJCtLU_5ruchy4wasm8notebookNtB2_15NotebookRuntime3new
FNDA:0,_RNvMNtNtCs2RUqfoJCtLU_5ruchy4wasm8notebookNtB2_15NotebookRuntime7to_json
FNDA:0,_RNvMNtNtCs2RUqfoJCtLU_5ruchy4wasm8notebookNtB2_15NotebookRuntime8add_cell
FNDA:0,_RNvMNtNtCs2RUqfoJCtLU_5ruchy4wasm8notebookNtB2_15NotebookRuntime9from_json
FNDA:0,_RNvMNtNtCs2RUqfoJCtLU_5ruchy4wasm8notebookNtB2_15NotebookRuntime9get_cells
FNDA:0,_RNvMs0_NtNtCs2RUqfoJCtLU_5ruchy4wasm8notebookNtB5_13FeatureParity9check_all
FNDA:0,_RNvNtNtCs2RUqfoJCtLU_5ruchy4wasm8notebook13get_timestamp
FNDA:0,_RNvNtNtCs2RUqfoJCtLU_5ruchy4wasm8notebook16generate_cell_id
FNDA:0,_RNvNtNtCs2RUqfoJCtLU_5ruchy4wasm8notebook17current_timestamp
FNDA:0,_RNvXs_NtNtCs2RUqfoJCtLU_5ruchy4wasm8notebookNtB4_15NotebookRuntimeNtNtCs66KPHxksi63_4core7default7Default7default
FNF:19
FNH:0
DA:102,0
DA:106,0
DA:107,0
DA:108,0
DA:109,0
DA:110,0
DA:111,0
DA:112,0
DA:113,0
DA:114,0
DA:115,0
DA:116,0
DA:117,0
DA:118,0
DA:119,0
DA:120,0
DA:121,0
DA:122,0
DA:123,0
DA:127,0
DA:128,0
DA:129,0
DA:130,0
DA:131,0
DA:132,0
DA:133,0
DA:135,0
DA:136,0
DA:137,0
DA:138,0
DA:141,0
DA:142,0
DA:144,0
DA:145,0
DA:149,0
DA:150,0
DA:151,0
DA:152,0
DA:156,0
DA:157,0
DA:159,0
DA:161,0
DA:164,0
DA:168,0
DA:169,0
DA:172,0
DA:173,0
DA:176,0
DA:177,0
DA:178,0
DA:179,0
DA:180,0
DA:182,0
DA:185,0
DA:186,0
DA:188,0
DA:192,0
DA:195,0
DA:199,0
DA:200,0
DA:201,0
DA:202,0
DA:206,0
DA:207,0
DA:208,0
DA:209,0
DA:213,0
DA:214,0
DA:215,0
DA:219,0
DA:220,0
DA:221,0
DA:222,0
DA:223,0
DA:227,0
DA:228,0
DA:229,0
DA:236,0
DA:237,0
DA:238,0
DA:240,0
DA:247,0
DA:249,0
DA:251,0
DA:258,0
DA:259,0
DA:260,0
DA:261,0
DA:263,0
DA:279,0
DA:280,0
DA:281,0
DA:282,0
DA:283,0
DA:284,0
DA:285,0
DA:286,0
DA:287,0
DA:288,0
DA:289,0
DA:290,0
DA:291,0
DA:292,0
DA:293,0
DA:294,0
DA:295,0
DA:296,0
DA:297,0
DA:298,0
DA:299,0
DA:300,0
DA:301,0
DA:302,0
DA:303,0
DA:304,0
DA:305,0
DA:306,0
DA:307,0
DA:308,0
DA:309,0
DA:310,0
DA:312,0
BRF:0
BRH:0
LF:133
LH:0
end_of_record
SF:/home/noah/src/ruchy/src/wasm/portability.rs
FN:1376,_RNvMs1_NtNtCs2RUqfoJCtLU_5ruchy4wasm11portabilityNtB5_19PortabilityAnalyzer11find_issues
FN:1471,_RNvMs1_NtNtCs2RUqfoJCtLU_5ruchy4wasm11portabilityNtB5_19PortabilityAnalyzer12analyze_size
FN:1161,_RNvMs1_NtNtCs2RUqfoJCtLU_5ruchy4wasm11portabilityNtB5_19PortabilityAnalyzer15new_with_config
FN:1222,_RNvMs1_NtNtCs2RUqfoJCtLU_5ruchy4wasm11portabilityNtB5_19PortabilityAnalyzer16calculate_scores
FN:1491,_RNvMs1_NtNtCs2RUqfoJCtLU_5ruchy4wasm11portabilityNtB5_19PortabilityAnalyzer19get_platform_limits
FN:1462,_RNvMs1_NtNtCs2RUqfoJCtLU_5ruchy4wasm11portabilityNtB5_19PortabilityAnalyzer21analyze_feature_usage
FN:1203,_RNvMs1_NtNtCs2RUqfoJCtLU_5ruchy4wasm11portabilityNtB5_19PortabilityAnalyzer22extract_component_info
FN:1347,_RNvMs1_NtNtCs2RUqfoJCtLU_5ruchy4wasm11portabilityNtB5_19PortabilityAnalyzer23calculate_overall_score
FN:1434,_RNvMs1_NtNtCs2RUqfoJCtLU_5ruchy4wasm11portabilityNtB5_19PortabilityAnalyzer24analyze_platform_support
FN:1289,_RNvMs1_NtNtCs2RUqfoJCtLU_5ruchy4wasm11portabilityNtB5_19PortabilityAnalyzer24calculate_feature_scores
FN:1261,_RNvMs1_NtNtCs2RUqfoJCtLU_5ruchy4wasm11portabilityNtB5_19PortabilityAnalyzer24calculate_platform_score
FN:1404,_RNvMs1_NtNtCs2RUqfoJCtLU_5ruchy4wasm11portabilityNtB5_19PortabilityAnalyzer24generate_recommendations
FN:1318,_RNvMs1_NtNtCs2RUqfoJCtLU_5ruchy4wasm11portabilityNtB5_19PortabilityAnalyzer25calculate_size_efficiency
FN:1500,_RNvMs1_NtNtCs2RUqfoJCtLU_5ruchy4wasm11portabilityNtB5_19PortabilityAnalyzer26build_compatibility_matrix
FN:1522,_RNvMs1_NtNtCs2RUqfoJCtLU_5ruchy4wasm11portabilityNtB5_19PortabilityAnalyzer27build_platform_requirements
FN:1312,_RNvMs1_NtNtCs2RUqfoJCtLU_5ruchy4wasm11portabilityNtB5_19PortabilityAnalyzer27calculate_api_compatibility
FN:1341,_RNvMs1_NtNtCs2RUqfoJCtLU_5ruchy4wasm11portabilityNtB5_19PortabilityAnalyzer29calculate_security_compliance
FN:1335,_RNvMs1_NtNtCs2RUqfoJCtLU_5ruchy4wasm11portabilityNtB5_19PortabilityAnalyzer33calculate_performance_portability
FN:1152,_RNvMs1_NtNtCs2RUqfoJCtLU_5ruchy4wasm11portabilityNtB5_19PortabilityAnalyzer3new
FN:1170,_RNvMs1_NtNtCs2RUqfoJCtLU_5ruchy4wasm11portabilityNtB5_19PortabilityAnalyzer7analyze
FN:1011,_RNvXNtNtCs2RUqfoJCtLU_5ruchy4wasm11portabilityNtB2_14RecommendationNtNtCs66KPHxksi63_4core3fmt7Display3fmt
FN:1145,_RNvXs0_NtNtCs2RUqfoJCtLU_5ruchy4wasm11portabilityNtB5_19PortabilityAnalyzerNtNtCs66KPHxksi63_4core7default7Default7default
FN:1125,_RNvXs_NtNtCs2RUqfoJCtLU_5ruchy4wasm11portabilityNtB4_14AnalysisConfigNtNtCs66KPHxksi63_4core7default7Default7default
FNDA:0,_RNvMs1_NtNtCs2RUqfoJCtLU_5ruchy4wasm11portabilityNtB5_19PortabilityAnalyzer11find_issues
FNDA:0,_RNvMs1_NtNtCs2RUqfoJCtLU_5ruchy4wasm11portabilityNtB5_19PortabilityAnalyzer12analyze_size
FNDA:0,_RNvMs1_NtNtCs2RUqfoJCtLU_5ruchy4wasm11portabilityNtB5_19PortabilityAnalyzer15new_with_config
FNDA:0,_RNvMs1_NtNtCs2RUqfoJCtLU_5ruchy4wasm11portabilityNtB5_19PortabilityAnalyzer16calculate_scores
FNDA:0,_RNvMs1_NtNtCs2RUqfoJCtLU_5ruchy4wasm11portabilityNtB5_19PortabilityAnalyzer19get_platform_limits
FNDA:0,_RNvMs1_NtNtCs2RUqfoJCtLU_5ruchy4wasm11portabilityNtB5_19PortabilityAnalyzer21analyze_feature_usage
FNDA:0,_RNvMs1_NtNtCs2RUqfoJCtLU_5ruchy4wasm11portabilityNtB5_19PortabilityAnalyzer22extract_component_info
FNDA:0,_RNvMs1_NtNtCs2RUqfoJCtLU_5ruchy4wasm11portabilityNtB5_19PortabilityAnalyzer23calculate_overall_score
FNDA:0,_RNvMs1_NtNtCs2RUqfoJCtLU_5ruchy4wasm11portabilityNtB5_19PortabilityAnalyzer24analyze_platform_support
FNDA:0,_RNvMs1_NtNtCs2RUqfoJCtLU_5ruchy4wasm11portabilityNtB5_19PortabilityAnalyzer24calculate_feature_scores
FNDA:0,_RNvMs1_NtNtCs2RUqfoJCtLU_5ruchy4wasm11portabilityNtB5_19PortabilityAnalyzer24calculate_platform_score
FNDA:0,_RNvMs1_NtNtCs2RUqfoJCtLU_5ruchy4wasm11portabilityNtB5_19PortabilityAnalyzer24generate_recommendations
FNDA:0,_RNvMs1_NtNtCs2RUqfoJCtLU_5ruchy4wasm11portabilityNtB5_19PortabilityAnalyzer25calculate_size_efficiency
FNDA:0,_RNvMs1_NtNtCs2RUqfoJCtLU_5ruchy4wasm11portabilityNtB5_19PortabilityAnalyzer26build_compatibility_matrix
FNDA:0,_RNvMs1_NtNtCs2RUqfoJCtLU_5ruchy4wasm11portabilityNtB5_19PortabilityAnalyzer27build_platform_requirements
FNDA:0,_RNvMs1_NtNtCs2RUqfoJCtLU_5ruchy4wasm11portabilityNtB5_19PortabilityAnalyzer27calculate_api_compatibility
FNDA:0,_RNvMs1_NtNtCs2RUqfoJCtLU_5ruchy4wasm11portabilityNtB5_19PortabilityAnalyzer29calculate_security_compliance
FNDA:0,_RNvMs1_NtNtCs2RUqfoJCtLU_5ruchy4wasm11portabilityNtB5_19PortabilityAnalyzer33calculate_performance_portability
FNDA:0,_RNvMs1_NtNtCs2RUqfoJCtLU_5ruchy4wasm11portabilityNtB5_19PortabilityAnalyzer3new
FNDA:0,_RNvMs1_NtNtCs2RUqfoJCtLU_5ruchy4wasm11portabilityNtB5_19PortabilityAnalyzer7analyze
FNDA:0,_RNvXNtNtCs2RUqfoJCtLU_5ruchy4wasm11portabilityNtB2_14RecommendationNtNtCs66KPHxksi63_4core3fmt7Display3fmt
FNDA:0,_RNvXs0_NtNtCs2RUqfoJCtLU_5ruchy4wasm11portabilityNtB5_19PortabilityAnalyzerNtNtCs66KPHxksi63_4core7default7Default7default
FNDA:0,_RNvXs_NtNtCs2RUqfoJCtLU_5ruchy4wasm11portabilityNtB4_14AnalysisConfigNtNtCs66KPHxksi63_4core7default7Default7default
FNF:23
FNH:0
DA:1011,0
DA:1012,0
DA:1013,0
DA:1125,0
DA:1126,0
DA:1127,0
DA:1128,0
DA:1129,0
DA:1130,0
DA:1131,0
DA:1132,0
DA:1133,0
DA:1134,0
DA:1135,0
DA:1136,0
DA:1137,0
DA:1138,0
DA:1139,0
DA:1140,0
DA:1141,0
DA:1145,0
DA:1146,0
DA:1147,0
DA:1152,0
DA:1153,0
DA:1154,0
DA:1155,0
DA:1156,0
DA:1157,0
DA:1158,0
DA:1161,0
DA:1162,0
DA:1163,0
DA:1164,0
DA:1165,0
DA:1166,0
DA:1167,0
DA:1170,0
DA:1172,0
DA:1175,0
DA:1178,0
DA:1181,0
DA:1184,0
DA:1187,0
DA:1190,0
DA:1192,0
DA:1193,0
DA:1194,0
DA:1195,0
DA:1196,0
DA:1197,0
DA:1198,0
DA:1199,0
DA:1200,0
DA:1201,0
DA:1203,0
DA:1204,0
DA:1208,0
DA:1209,0
DA:1210,0
DA:1212,0
DA:1213,0
DA:1214,0
DA:1215,0
DA:1216,0
DA:1217,0
DA:1218,0
DA:1219,0
DA:1220,0
DA:1222,0
DA:1223,0
DA:1226,0
DA:1227,0
DA:1228,0
DA:1232,0
DA:1235,0
DA:1236,0
DA:1237,0
DA:1238,0
DA:1241,0
DA:1242,0
DA:1243,0
DA:1244,0
DA:1245,0
DA:1246,0
DA:1247,0
DA:1250,0
DA:1251,0
DA:1252,0
DA:1253,0
DA:1254,0
DA:1255,0
DA:1256,0
DA:1257,0
DA:1258,0
DA:1259,0
DA:1261,0
DA:1262,0
DA:1264,0
DA:1265,0
DA:1268,0
DA:1269,0
DA:1270,0
DA:1271,0
DA:1272,0
DA:1275,0
DA:1276,0
DA:1277,0
DA:1278,0
DA:1279,0
DA:1280,0
DA:1283,0
DA:1285,0
DA:1287,0
DA:1289,0
DA:1290,0
DA:1293,0
DA:1294,0
DA:1295,0
DA:1297,0
DA:1298,0
DA:1299,0
DA:1300,0
DA:1301,0
DA:1302,0
DA:1305,0
DA:1306,0
DA:1309,0
DA:1310,0
DA:1312,0
DA:1315,0
DA:1316,0
DA:1318,0
DA:1320,0
DA:1322,0
DA:1323,0
DA:1324,0
DA:1325,0
DA:1326,0
DA:1327,0
DA:1328,0
DA:1329,0
DA:1331,0
DA:1333,0
DA:1335,0
DA:1338,0
DA:1339,0
DA:1341,0
DA:1344,0
DA:1345,0
DA:1347,0
DA:1348,0
DA:1349,0
DA:1350,0
DA:1351,0
DA:1352,0
DA:1353,0
DA:1354,0
DA:1355,0
DA:1356,0
DA:1358,0
DA:1361,0
DA:1362,0
DA:1364,0
DA:1368,0
DA:1369,0
DA:1370,0
DA:1371,0
DA:1372,0
DA:1373,0
DA:1374,0
DA:1376,0
DA:1377,0
DA:1380,0
DA:1381,0
DA:1382,0
DA:1383,0
DA:1384,0
DA:1385,0
DA:1386,0
DA:1387,0
DA:1388,0
DA:1389,0
DA:1390,0
DA:1391,0
DA:1392,0
DA:1393,0
DA:1394,0
DA:1395,0
DA:1396,0
DA:1397,0
DA:1398,0
DA:1401,0
DA:1402,0
DA:1404,0
DA:1405,0
DA:1408,0
DA:1409,0
DA:1410,0
DA:1411,0
DA:1412,0
DA:1413,0
DA:1414,0
DA:1415,0
DA:1416,0
DA:1419,0
DA:1420,0
DA:1421,0
DA:1422,0
DA:1423,0
DA:1424,0
DA:1425,0
DA:1426,0
DA:1427,0
DA:1428,0
DA:1431,0
DA:1432,0
DA:1434,0
DA:1435,0
DA:1437,0
DA:1438,0
DA:1440,0
DA:1441,0
DA:1442,0
DA:1443,0
DA:1444,0
DA:1445,0
DA:1447,0
DA:1450,0
DA:1451,0
DA:1452,0
DA:1453,0
DA:1454,0
DA:1455,0
DA:1456,0
DA:1459,0
DA:1460,0
DA:1462,0
DA:1463,0
DA:1464,0
DA:1465,0
DA:1466,0
DA:1467,0
DA:1468,0
DA:1469,0
DA:1471,0
DA:1472,0
DA:1475,0
DA:1476,0
DA:1477,0
DA:1479,0
DA:1481,0
DA:1482,0
DA:1483,0
DA:1484,0
DA:1485,0
DA:1486,0
DA:1487,0
DA:1488,0
DA:1489,0
DA:1491,0
DA:1492,0
DA:1493,0
DA:1494,0
DA:1495,0
DA:1496,0
DA:1497,0
DA:1498,0
DA:1500,0
DA:1501,0
DA:1504,0
DA:1505,0
DA:1506,0
DA:1507,0
DA:1508,0
DA:1509,0
DA:1512,0
DA:1513,0
DA:1514,0
DA:1515,0
DA:1516,0
DA:1517,0
DA:1519,0
DA:1520,0
DA:1522,0
DA:1523,0
DA:1526,0
DA:1527,0
DA:1528,0
DA:1529,0
DA:1530,0
DA:1531,0
DA:1532,0
DA:1535,0
DA:1536,0
DA:1537,0
DA:1538,0
DA:1539,0
DA:1540,0
DA:1541,0
DA:1543,0
DA:1544,0
BRF:0
BRH:0
LF:302
LH:0
end_of_record
SF:/home/noah/src/ruchy/src/wasm/repl.rs
FN:94,_RNCNvMNtNtCs2RUqfoJCtLU_5ruchy4wasm4replNtB4_8WasmRepl4eval0B8_
FN:126,_RNCNvMNtNtCs2RUqfoJCtLU_5ruchy4wasm4replNtB4_8WasmRepl4evals_0B8_
FN:144,_RNvMNtNtCs2RUqfoJCtLU_5ruchy4wasm4replNtB2_8WasmRepl10session_id
FN:131,_RNvMNtNtCs2RUqfoJCtLU_5ruchy4wasm4replNtB2_8WasmRepl11get_history
FN:60,_RNvMNtNtCs2RUqfoJCtLU_5ruchy4wasm4replNtB2_8WasmRepl3new
FN:73,_RNvMNtNtCs2RUqfoJCtLU_5ruchy4wasm4replNtB2_8WasmRepl4eval
FN:137,_RNvMNtNtCs2RUqfoJCtLU_5ruchy4wasm4replNtB2_8WasmRepl5clear
FN:206,_RNvMs0_NtNtCs2RUqfoJCtLU_5ruchy4wasm4replNtB5_8WasmHeap3new
FN:220,_RNvMs0_NtNtCs2RUqfoJCtLU_5ruchy4wasm4replNtB5_8WasmHeap8major_gc
FN:215,_RNvMs0_NtNtCs2RUqfoJCtLU_5ruchy4wasm4replNtB5_8WasmHeap8minor_gc
FN:177,_RNvNtNtCs2RUqfoJCtLU_5ruchy4wasm4repl13get_timestamp
FN:160,_RNvNtNtCs2RUqfoJCtLU_5ruchy4wasm4repl19generate_session_id
FN:241,_RNvXs1_NtNtCs2RUqfoJCtLU_5ruchy4wasm4replNtB5_8WasmHeapNtNtCs66KPHxksi63_4core7default7Default7default
FN:150,_RNvXs_NtNtCs2RUqfoJCtLU_5ruchy4wasm4replNtB4_8WasmReplNtNtCs66KPHxksi63_4core7default7Default7default
FNDA:0,_RNCNvMNtNtCs2RUqfoJCtLU_5ruchy4wasm4replNtB4_8WasmRepl4eval0B8_
FNDA:0,_RNCNvMNtNtCs2RUqfoJCtLU_5ruchy4wasm4replNtB4_8WasmRepl4evals_0B8_
FNDA:0,_RNvMNtNtCs2RUqfoJCtLU_5ruchy4wasm4replNtB2_8WasmRepl10session_id
FNDA:0,_RNvMNtNtCs2RUqfoJCtLU_5ruchy4wasm4replNtB2_8WasmRepl11get_history
FNDA:0,_RNvMNtNtCs2RUqfoJCtLU_5ruchy4wasm4replNtB2_8WasmRepl3new
FNDA:0,_RNvMNtNtCs2RUqfoJCtLU_5ruchy4wasm4replNtB2_8WasmRepl4eval
FNDA:0,_RNvMNtNtCs2RUqfoJCtLU_5ruchy4wasm4replNtB2_8WasmRepl5clear
FNDA:0,_RNvMs0_NtNtCs2RUqfoJCtLU_5ruchy4wasm4replNtB5_8WasmHeap3new
FNDA:0,_RNvMs0_NtNtCs2RUqfoJCtLU_5ruchy4wasm4replNtB5_8WasmHeap8major_gc
FNDA:0,_RNvMs0_NtNtCs2RUqfoJCtLU_5ruchy4wasm4replNtB5_8WasmHeap8minor_gc
FNDA:0,_RNvNtNtCs2RUqfoJCtLU_5ruchy4wasm4repl13get_timestamp
FNDA:0,_RNvNtNtCs2RUqfoJCtLU_5ruchy4wasm4repl19generate_session_id
FNDA:0,_RNvXs1_NtNtCs2RUqfoJCtLU_5ruchy4wasm4replNtB5_8WasmHeapNtNtCs66KPHxksi63_4core7default7Default7default
FNDA:0,_RNvXs_NtNtCs2RUqfoJCtLU_5ruchy4wasm4replNtB4_8WasmReplNtNtCs66KPHxksi63_4core7default7Default7default
FNF:14
FNH:0
DA:60,0
DA:64,0
DA:65,0
DA:66,0
DA:67,0
DA:68,0
DA:69,0
DA:73,0
DA:74,0
DA:77,0
DA:78,0
DA:79,0
DA:80,0
DA:81,0
DA:82,0
DA:83,0
DA:84,0
DA:85,0
DA:86,0
DA:87,0
DA:88,0
DA:89,0
DA:90,0
DA:91,0
DA:92,0
DA:93,0
DA:94,0
DA:97,0
DA:100,0
DA:102,0
DA:105,0
DA:107,0
DA:108,0
DA:111,0
DA:114,0
DA:115,0
DA:116,0
DA:117,0
DA:118,0
DA:119,0
DA:120,0
DA:121,0
DA:122,0
DA:123,0
DA:124,0
DA:125,0
DA:126,0
DA:127,0
DA:131,0
DA:132,0
DA:133,0
DA:137,0
DA:138,0
DA:139,0
DA:140,0
DA:144,0
DA:145,0
DA:146,0
DA:150,0
DA:151,0
DA:152,0
DA:160,0
DA:169,0
DA:170,0
DA:171,0
DA:172,0
DA:174,0
DA:177,0
DA:184,0
DA:185,0
DA:186,0
DA:187,0
DA:189,0
DA:206,0
DA:207,0
DA:208,0
DA:209,0
DA:210,0
DA:211,0
DA:212,0
DA:215,0
DA:216,0
DA:217,0
DA:220,0
DA:222,0
DA:223,0
DA:224,0
DA:225,0
DA:226,0
DA:230,0
DA:231,0
DA:232,0
DA:233,0
DA:234,0
DA:236,0
DA:237,0
DA:241,0
DA:242,0
DA:243,0
BRF:0
BRH:0
LF:101
LH:0
end_of_record
SF:/home/noah/src/ruchy/src/wasm/wit.rs
FN:562,_RNCNvMs0_NtNtCs2RUqfoJCtLU_5ruchy4wasm3witNtB7_12WitGenerator15format_function0Bb_
FN:600,_RNCNvMs0_NtNtCs2RUqfoJCtLU_5ruchy4wasm3witNtB7_12WitGenerator15format_wit_types2_0Bb_
FN:594,_RNCNvMs0_NtNtCs2RUqfoJCtLU_5ruchy4wasm3witNtB7_12WitGenerator15format_wit_type0Bb_
FN:595,_RNCNvMs0_NtNtCs2RUqfoJCtLU_5ruchy4wasm3witNtB7_12WitGenerator15format_wit_types0_0Bb_
FN:595,_RNCNvMs0_NtNtCs2RUqfoJCtLU_5ruchy4wasm3witNtB7_12WitGenerator15format_wit_types1_0Bb_
FN:594,_RNCNvMs0_NtNtCs2RUqfoJCtLU_5ruchy4wasm3witNtB7_12WitGenerator15format_wit_types_0Bb_
FN:383,_RNvMs0_NtNtCs2RUqfoJCtLU_5ruchy4wasm3witNtB5_12WitGenerator10with_world
FN:608,_RNvMs0_NtNtCs2RUqfoJCtLU_5ruchy4wasm3witNtB5_12WitGenerator12format_world
FN:560,_RNvMs0_NtNtCs2RUqfoJCtLU_5ruchy4wasm3witNtB5_12WitGenerator15format_function
FN:575,_RNvMs0_NtNtCs2RUqfoJCtLU_5ruchy4wasm3witNtB5_12WitGenerator15format_wit_type
FN:374,_RNvMs0_NtNtCs2RUqfoJCtLU_5ruchy4wasm3witNtB5_12WitGenerator15new_with_config
FN:471,_RNvMs0_NtNtCs2RUqfoJCtLU_5ruchy4wasm3witNtB5_12WitGenerator16add_type_mapping
FN:466,_RNvMs0_NtNtCs2RUqfoJCtLU_5ruchy4wasm3witNtB5_12WitGenerator16generate_default
FN:476,_RNvMs0_NtNtCs2RUqfoJCtLU_5ruchy4wasm3witNtB5_12WitGenerator17generate_wit_file
FN:400,_RNvMs0_NtNtCs2RUqfoJCtLU_5ruchy4wasm3witNtB5_12WitGenerator20generate_from_source
FN:517,_RNvMs0_NtNtCs2RUqfoJCtLU_5ruchy4wasm3witNtB5_12WitGenerator22format_type_definition
FN:394,_RNvMs0_NtNtCs2RUqfoJCtLU_5ruchy4wasm3witNtB5_12WitGenerator23generate_from_component
FN:365,_RNvMs0_NtNtCs2RUqfoJCtLU_5ruchy4wasm3witNtB5_12WitGenerator3new
FN:389,_RNvMs0_NtNtCs2RUqfoJCtLU_5ruchy4wasm3witNtB5_12WitGenerator8generate
FN:653,_RNvMs3_NtNtCs2RUqfoJCtLU_5ruchy4wasm3witNtB5_12TypeRegistry3new
FN:345,_RNvXNtNtCs2RUqfoJCtLU_5ruchy4wasm3witNtB2_9WitConfigNtNtCs66KPHxksi63_4core7default7Default7default
FN:633,_RNvXs1_NtNtCs2RUqfoJCtLU_5ruchy4wasm3witNtB5_12WitInterfaceNtNtCs66KPHxksi63_4core3fmt7Display3fmt
FN:358,_RNvXs_NtNtCs2RUqfoJCtLU_5ruchy4wasm3witNtB4_12WitGeneratorNtNtCs66KPHxksi63_4core7default7Default7default
FN:641,_RINvMs2_NtNtCs2RUqfoJCtLU_5ruchy4wasm3witNtB6_12WitInterface4savepEBa_
FN:646,_RNCINvMs2_NtNtCs2RUqfoJCtLU_5ruchy4wasm3witNtB8_12WitInterface4savepE0Bc_
FNDA:0,_RNCNvMs0_NtNtCs2RUqfoJCtLU_5ruchy4wasm3witNtB7_12WitGenerator15format_function0Bb_
FNDA:0,_RNCNvMs0_NtNtCs2RUqfoJCtLU_5ruchy4wasm3witNtB7_12WitGenerator15format_wit_types2_0Bb_
FNDA:0,_RNCNvMs0_NtNtCs2RUqfoJCtLU_5ruchy4wasm3witNtB7_12WitGenerator15format_wit_type0Bb_
FNDA:0,_RNCNvMs0_NtNtCs2RUqfoJCtLU_5ruchy4wasm3witNtB7_12WitGenerator15format_wit_types0_0Bb_
FNDA:0,_RNCNvMs0_NtNtCs2RUqfoJCtLU_5ruchy4wasm3witNtB7_12WitGenerator15format_wit_types1_0Bb_
FNDA:0,_RNCNvMs0_NtNtCs2RUqfoJCtLU_5ruchy4wasm3witNtB7_12WitGenerator15format_wit_types_0Bb_
FNDA:0,_RNvMs0_NtNtCs2RUqfoJCtLU_5ruchy4wasm3witNtB5_12WitGenerator10with_world
FNDA:0,_RNvMs0_NtNtCs2RUqfoJCtLU_5ruchy4wasm3witNtB5_12WitGenerator12format_world
FNDA:0,_RNvMs0_NtNtCs2RUqfoJCtLU_5ruchy4wasm3witNtB5_12WitGenerator15format_function
FNDA:0,_RNvMs0_NtNtCs2RUqfoJCtLU_5ruchy4wasm3witNtB5_12WitGenerator15format_wit_type
FNDA:0,_RNvMs0_NtNtCs2RUqfoJCtLU_5ruchy4wasm3witNtB5_12WitGenerator15new_with_config
FNDA:0,_RNvMs0_NtNtCs2RUqfoJCtLU_5ruchy4wasm3witNtB5_12WitGenerator16add_type_mapping
FNDA:0,_RNvMs0_NtNtCs2RUqfoJCtLU_5ruchy4wasm3witNtB5_12WitGenerator16generate_default
FNDA:0,_RNvMs0_NtNtCs2RUqfoJCtLU_5ruchy4wasm3witNtB5_12WitGenerator17generate_wit_file
FNDA:0,_RNvMs0_NtNtCs2RUqfoJCtLU_5ruchy4wasm3witNtB5_12WitGenerator20generate_from_source
FNDA:0,_RNvMs0_NtNtCs2RUqfoJCtLU_5ruchy4wasm3witNtB5_12WitGenerator22format_type_definition
FNDA:0,_RNvMs0_NtNtCs2RUqfoJCtLU_5ruchy4wasm3witNtB5_12WitGenerator23generate_from_component
FNDA:0,_RNvMs0_NtNtCs2RUqfoJCtLU_5ruchy4wasm3witNtB5_12WitGenerator3new
FNDA:0,_RNvMs0_NtNtCs2RUqfoJCtLU_5ruchy4wasm3witNtB5_12WitGenerator8generate
FNDA:0,_RNvMs3_NtNtCs2RUqfoJCtLU_5ruchy4wasm3witNtB5_12TypeRegistry3new
FNDA:0,_RNvXNtNtCs2RUqfoJCtLU_5ruchy4wasm3witNtB2_9WitConfigNtNtCs66KPHxksi63_4core7default7Default7default
FNDA:0,_RNvXs1_NtNtCs2RUqfoJCtLU_5ruchy4wasm3witNtB5_12WitInterfaceNtNtCs66KPHxksi63_4core3fmt7Display3fmt
FNDA:0,_RNvXs_NtNtCs2RUqfoJCtLU_5ruchy4wasm3witNtB4_12WitGeneratorNtNtCs66KPHxksi63_4core7default7Default7default
FNDA:0,_RINvMs2_NtNtCs2RUqfoJCtLU_5ruchy4wasm3witNtB6_12WitInterface4savepEBa_
FNDA:0,_RNCINvMs2_NtNtCs2RUqfoJCtLU_5ruchy4wasm3witNtB8_12WitInterface4savepE0Bc_
FNF:25
FNH:0
DA:345,0
DA:346,0
DA:347,0
DA:348,0
DA:349,0
DA:350,0
DA:351,0
DA:352,0
DA:353,0
DA:354,0
DA:358,0
DA:359,0
DA:360,0
DA:365,0
DA:366,0
DA:367,0
DA:368,0
DA:369,0
DA:370,0
DA:371,0
DA:374,0
DA:375,0
DA:376,0
DA:377,0
DA:378,0
DA:379,0
DA:380,0
DA:383,0
DA:384,0
DA:385,0
DA:386,0
DA:389,0
DA:390,0
DA:391,0
DA:394,0
DA:396,0
DA:397,0
DA:400,0
DA:408,0
DA:409,0
DA:410,0
DA:411,0
DA:412,0
DA:413,0
DA:414,0
DA:415,0
DA:416,0
DA:417,0
DA:418,0
DA:419,0
DA:420,0
DA:421,0
DA:422,0
DA:423,0
DA:424,0
DA:425,0
DA:426,0
DA:427,0
DA:428,0
DA:429,0
DA:430,0
DA:431,0
DA:432,0
DA:433,0
DA:434,0
DA:435,0
DA:436,0
DA:437,0
DA:438,0
DA:439,0
DA:440,0
DA:441,0
DA:442,0
DA:443,0
DA:444,0
DA:445,0
DA:446,0
DA:447,0
DA:448,0
DA:449,0
DA:450,0
DA:451,0
DA:452,0
DA:453,0
DA:454,0
DA:455,0
DA:456,0
DA:457,0
DA:458,0
DA:459,0
DA:460,0
DA:462,0
DA:463,0
DA:466,0
DA:467,0
DA:468,0
DA:471,0
DA:472,0
DA:473,0
DA:476,0
DA:477,0
DA:480,0
DA:481,0
DA:482,0
DA:483,0
DA:484,0
DA:485,0
DA:486,0
DA:489,0
DA:492,0
DA:493,0
DA:494,0
DA:495,0
DA:496,0
DA:500,0
DA:501,0
DA:502,0
DA:503,0
DA:504,0
DA:507,0
DA:510,0
DA:511,0
DA:512,0
DA:514,0
DA:515,0
DA:517,0
DA:518,0
DA:519,0
DA:520,0
DA:521,0
DA:522,0
DA:523,0
DA:524,0
DA:525,0
DA:527,0
DA:528,0
DA:530,0
DA:531,0
DA:532,0
DA:533,0
DA:534,0
DA:535,0
DA:536,0
DA:537,0
DA:538,0
DA:539,0
DA:540,0
DA:542,0
DA:543,0
DA:545,0
DA:546,0
DA:547,0
DA:548,0
DA:549,0
DA:550,0
DA:551,0
DA:553,0
DA:554,0
DA:556,0
DA:558,0
DA:560,0
DA:561,0
DA:562,0
DA:563,0
DA:564,0
DA:566,0
DA:567,0
DA:569,0
DA:572,0
DA:573,0
DA:575,0
DA:576,0
DA:577,0
DA:578,0
DA:579,0
DA:580,0
DA:581,0
DA:582,0
DA:583,0
DA:584,0
DA:585,0
DA:586,0
DA:587,0
DA:588,0
DA:589,0
DA:590,0
DA:591,0
DA:592,0
DA:593,0
DA:594,0
DA:595,0
DA:596,0
DA:598,0
DA:599,0
DA:600,0
DA:601,0
DA:602,0
DA:603,0
DA:606,0
DA:608,0
DA:609,0
DA:611,0
DA:612,0
DA:613,0
DA:615,0
DA:618,0
DA:619,0
DA:620,0
DA:623,0
DA:624,0
DA:625,0
DA:627,0
DA:628,0
DA:629,0
DA:633,0
DA:634,0
DA:635,0
DA:636,0
DA:641,0
DA:642,0
DA:643,0
DA:645,0
DA:646,0
DA:648,0
DA:649,0
DA:653,0
DA:654,0
DA:655,0
DA:656,0
DA:657,0
DA:658,0
BRF:0
BRH:0
LF:238
LH:0
end_of_record